2021-09-18 08:39:31.6361 - Now listening on: http://localhost:5000 -            

2021-09-18 08:39:31.8353 - Application started. Press Ctrl+C to shut down. -            

2021-09-18 08:39:31.8353 - Hosting environment: Development -            

2021-09-18 08:39:31.8463 - Content root path: D:\FreeLancerAssignments\Edureka\BankOfAmericaSessions\BOA4\BoaSessionFourNew\WebApp\BoaFourSolution\sample-app -            

2021-09-18 08:39:34.8735 - Index Called :  Page No : 1 -            

2021-09-18 08:39:34.8883 - Index Called :  Page No : 1 -            

2021-09-18 08:39:34.8924 - Index Called :  Page No : 1 -            

2021-09-18 08:39:37.0425 - Data PAss to View :  Page No : 1 -            

2021-09-18 08:39:37.8203 - Index Called : favicon.ico Page No : 1 -            

2021-09-18 08:39:37.8203 - Index Called : favicon.ico Page No : 1 -            

2021-09-18 08:39:37.8293 - Index Called : favicon.ico Page No : 1 -            

2021-09-18 08:39:37.8814 - Data PAss to View : favicon.ico Page No : 1 -            

2021-09-18 11:28:41.7569 - Now listening on: http://localhost:5000 -            

2021-09-18 11:28:41.8694 - Application started. Press Ctrl+C to shut down. -            

2021-09-18 11:28:41.9402 - Hosting environment: Development -            

2021-09-18 11:28:41.9402 - Content root path: D:\FreeLancerAssignments\Edureka\BankOfAmericaSessions\BOA4\BoaSessionFourNew\WebApp\BoaFourSolution\sample-app -            

2021-09-18 11:28:46.3219 - Index Called :  Page No : 1 -            

2021-09-18 11:28:46.3638 - Index Called :  Page No : 1 -            

2021-09-18 11:28:46.3772 - Index Called :  Page No : 1 -            

2021-09-18 11:28:50.8790 - Data PAss to View :  Page No : 1 -            

2021-09-18 11:28:52.7481 - Index Called : favicon.ico Page No : 1 -            

2021-09-18 11:28:52.7547 - Index Called : favicon.ico Page No : 1 -            

2021-09-18 11:28:52.7547 - Index Called : favicon.ico Page No : 1 -            

2021-09-18 11:28:52.8683 - Data PAss to View : favicon.ico Page No : 1 -            

2021-09-18 11:28:56.4103 - Index Called : favicon.ico Page No : 1 -            

2021-09-18 11:28:56.4103 - Index Called : favicon.ico Page No : 1 -            

2021-09-18 11:28:56.4635 - Index Called : favicon.ico Page No : 1 -            

2021-09-18 11:28:56.4728 - Data PAss to View : favicon.ico Page No : 1 -            

2021-09-18 11:29:05.0129 - Index Called :  Page No : 1 -            

2021-09-18 11:29:05.0244 - Index Called :  Page No : 1 -            

2021-09-18 11:29:05.0761 - Index Called :  Page No : 1 -            

2021-09-18 11:29:05.0761 - Data PAss to View :  Page No : 1 -            

2021-09-18 11:29:05.5440 - Index Called : favicon.ico Page No : 1 -            

2021-09-18 11:29:05.5526 - Index Called : favicon.ico Page No : 1 -            

2021-09-18 11:29:05.5526 - Index Called : favicon.ico Page No : 1 -            

2021-09-18 11:29:05.6031 - Data PAss to View : favicon.ico Page No : 1 -            

2021-09-18 11:29:07.1419 - Index Called : favicon.ico Page No : 1 -            

2021-09-18 11:29:07.1557 - Index Called : favicon.ico Page No : 1 -            

2021-09-18 11:29:07.1557 - Index Called : favicon.ico Page No : 1 -            

2021-09-18 11:29:07.1771 - Data PAss to View : favicon.ico Page No : 1 -            

2021-09-18 11:29:39.3521 - Now listening on: http://localhost:5000 -            

2021-09-18 11:29:39.5304 - Application started. Press Ctrl+C to shut down. -            

2021-09-18 11:29:39.5916 - Hosting environment: Development -            

2021-09-18 11:29:39.6388 - Content root path: D:\FreeLancerAssignments\Edureka\BankOfAmericaSessions\BOA4\BoaSessionFourNew\WebApp\BoaFourSolution\sample-app -            

2021-09-18 11:29:44.9624 - Index Called :  Page No : 1 -            

2021-09-18 11:29:44.9894 - Index Called :  Page No : 1 -            

2021-09-18 11:29:45.0220 - Index Called :  Page No : 1 -            

2021-09-18 11:29:49.7074 - Data PAss to View :  Page No : 1 -            

2021-09-18 11:29:51.5494 - Index Called : favicon.ico Page No : 1 -            

2021-09-18 11:29:51.5604 - Index Called : favicon.ico Page No : 1 -            

2021-09-18 11:29:51.5604 - Index Called : favicon.ico Page No : 1 -            

2021-09-18 11:29:51.7416 - Data PAss to View : favicon.ico Page No : 1 -            

2021-09-18 11:29:53.8813 - Index Called : favicon.ico Page No : 1 -            

2021-09-18 11:29:53.9411 - Index Called : favicon.ico Page No : 1 -            

2021-09-18 11:29:54.0060 - Index Called : favicon.ico Page No : 1 -            

2021-09-18 11:29:54.0247 - Data PAss to View : favicon.ico Page No : 1 -            

2021-09-18 11:30:30.1111 - Index Called : favicon.ico Page No : 1 -            

2021-09-18 11:30:30.1247 - Index Called : favicon.ico Page No : 1 -            

2021-09-18 11:30:30.1539 - Index Called : favicon.ico Page No : 1 -            

2021-09-18 11:30:30.1653 - Data PAss to View : favicon.ico Page No : 1 -            

2021-09-18 11:36:45.5414 - Now listening on: http://localhost:5000 -            

2021-09-18 11:36:45.6402 - Application started. Press Ctrl+C to shut down. -            

2021-09-18 11:36:45.6402 - Hosting environment: Development -            

2021-09-18 11:36:45.6542 - Content root path: D:\FreeLancerAssignments\Edureka\BankOfAmericaSessions\BOA4\BoaSessionFourNew\WebApp\BoaFourSolution\sample-app -            

2021-09-18 11:36:49.7796 - Index Called :  Page No : 1 -            

2021-09-18 11:36:49.8120 - Index Called :  Page No : 1 -            

2021-09-18 11:36:49.8301 - Index Called :  Page No : 1 -            

2021-09-18 11:36:53.9177 - Data PAss to View :  Page No : 1 -            

2021-09-18 11:36:55.5636 - Index Called : favicon.ico Page No : 1 -            

2021-09-18 11:36:55.6520 - Index Called : favicon.ico Page No : 1 -            

2021-09-18 11:36:55.6610 - Index Called : favicon.ico Page No : 1 -            

2021-09-18 11:36:55.7791 - Data PAss to View : favicon.ico Page No : 1 -            

2021-09-18 11:37:15.7441 - Index Called :  Page No : 1 -            

2021-09-18 11:37:15.8721 - Index Called :  Page No : 1 -            

2021-09-18 11:37:15.8890 - Index Called :  Page No : 1 -            

2021-09-18 11:37:15.9437 - Data PAss to View :  Page No : 1 -            

2021-09-18 11:37:17.5309 - Index Called : favicon.ico Page No : 1 -            

2021-09-18 11:37:17.5536 - Index Called : favicon.ico Page No : 1 -            

2021-09-18 11:37:17.5939 - Index Called : favicon.ico Page No : 1 -            

2021-09-18 11:37:17.6084 - Data PAss to View : favicon.ico Page No : 1 -            

2021-09-18 12:04:06.0982 - Now listening on: http://localhost:5000 -            

2021-09-18 12:04:06.2679 - Application started. Press Ctrl+C to shut down. -            

2021-09-18 12:04:06.2867 - Hosting environment: Development -            

2021-09-18 12:04:06.3565 - Content root path: D:\FreeLancerAssignments\Edureka\BankOfAmericaSessions\BOA4\BoaSessionFourNew\WebApp\BoaFourSolution\sample-app -            

2021-09-18 12:04:10.3990 - Index Called :  Page No : 1 -            

2021-09-18 12:04:10.4271 - Index Called :  Page No : 1 -            

2021-09-18 12:04:10.4490 - Index Called :  Page No : 1 -            

2021-09-18 12:04:13.7302 - Data PAss to View :  Page No : 1 -            

2021-09-18 12:04:15.1436 - Index Called : favicon.ico Page No : 1 -            

2021-09-18 12:04:15.2312 - Index Called : favicon.ico Page No : 1 -            

2021-09-18 12:04:15.2574 - Index Called : favicon.ico Page No : 1 -            

2021-09-18 12:04:15.3727 - Data PAss to View : favicon.ico Page No : 1 -            

2021-09-18 12:04:27.7499 - Index Called :  Page No : 1 -            

2021-09-18 12:04:27.7969 - Index Called :  Page No : 1 -            

2021-09-18 12:04:27.8408 - Index Called :  Page No : 1 -            

2021-09-18 12:04:27.8852 - Data PAss to View :  Page No : 1 -            

2021-09-18 12:04:28.5385 - Index Called : favicon.ico Page No : 1 -            

2021-09-18 12:04:28.5451 - Index Called : favicon.ico Page No : 1 -            

2021-09-18 12:04:28.5451 - Index Called : favicon.ico Page No : 1 -            

2021-09-18 12:04:28.5569 - Data PAss to View : favicon.ico Page No : 1 -            

2021-09-18 12:07:02.1003 - Now listening on: http://localhost:5000 -            

2021-09-18 12:07:02.1800 - Application started. Press Ctrl+C to shut down. -            

2021-09-18 12:07:02.1961 - Hosting environment: Development -            

2021-09-18 12:07:02.1961 - Content root path: D:\FreeLancerAssignments\Edureka\BankOfAmericaSessions\BOA4\BoaSessionFourNew\WebApp\BoaFourSolution\sample-app -            

2021-09-18 12:24:16.2578 - Now listening on: http://localhost:5000 -            

2021-09-18 12:24:16.3730 - Application started. Press Ctrl+C to shut down. -            

2021-09-18 12:24:16.3852 - Hosting environment: Development -            

2021-09-18 12:24:16.3852 - Content root path: D:\FreeLancerAssignments\Edureka\BankOfAmericaSessions\BOA4\BoaSessionFourNew\WebApp\BoaFourSolution\sample-app -            

2021-09-18 12:24:20.6429 - Index Called :  Page No : 1 -            

2021-09-18 12:24:20.6641 - Index Called :  Page No : 1 -            

2021-09-18 12:24:20.6967 - Index Called :  Page No : 1 -            

2021-09-18 12:24:23.7668 - Data PAss to View :  Page No : 1 -            

2021-09-18 12:24:25.0376 - Index Called : favicon.ico Page No : 1 -            

2021-09-18 12:24:25.1178 - Index Called : favicon.ico Page No : 1 -            

2021-09-18 12:24:25.1178 - Index Called : favicon.ico Page No : 1 -            

2021-09-18 12:24:25.2190 - Data PAss to View : favicon.ico Page No : 1 -            

2021-09-18 12:24:33.9944 - Index Called : favicon.ico Page No : 1 -            

2021-09-18 12:24:33.9944 - Index Called : favicon.ico Page No : 1 -            

2021-09-18 12:24:34.0600 - Index Called : favicon.ico Page No : 1 -            

2021-09-18 12:24:34.0695 - Data PAss to View : favicon.ico Page No : 1 -            

2021-09-18 12:25:32.7643 - Product Added with ID : 0 -            

2021-09-18 12:25:33.5363 - Index Called :  Page No : 1 -            

2021-09-18 12:25:33.5453 - Index Called :  Page No : 1 -            

2021-09-18 12:25:33.5453 - Index Called :  Page No : 1 -            

2021-09-18 12:25:33.5549 - Data PAss to View :  Page No : 1 -            

2021-09-18 12:25:34.3667 - Index Called : favicon.ico Page No : 1 -            

2021-09-18 12:25:34.4845 - Index Called : favicon.ico Page No : 1 -            

2021-09-18 12:25:34.5561 - Index Called : favicon.ico Page No : 1 -            

2021-09-18 12:25:34.5985 - Data PAss to View : favicon.ico Page No : 1 -            

2021-09-18 12:25:41.9099 - Index Called :  Page No : 1 -            

2021-09-18 12:25:41.9168 - Index Called :  Page No : 1 -            

2021-09-18 12:25:41.9588 - Index Called :  Page No : 1 -            

2021-09-18 12:25:41.9967 - Data PAss to View :  Page No : 1 -            

2021-09-18 12:25:42.8327 - Index Called : favicon.ico Page No : 1 -            

2021-09-18 12:25:42.8327 - Index Called : favicon.ico Page No : 1 -            

2021-09-18 12:25:42.8568 - Index Called : favicon.ico Page No : 1 -            

2021-09-18 12:25:42.8970 - Data PAss to View : favicon.ico Page No : 1 -            

2021-09-18 12:25:51.6116 - Index Called : favicon.ico Page No : 1 -            

2021-09-18 12:25:51.6221 - Index Called : favicon.ico Page No : 1 -            

2021-09-18 12:25:51.7056 - Index Called : favicon.ico Page No : 1 -            

2021-09-18 12:25:51.7226 - Data PAss to View : favicon.ico Page No : 1 -            

2021-09-18 12:26:23.4948 - Index Called : favicon.ico Page No : 1 -            

2021-09-18 12:26:23.6277 - Index Called : favicon.ico Page No : 1 -            

2021-09-18 12:26:23.6398 - Index Called : favicon.ico Page No : 1 -            

2021-09-18 12:26:23.6555 - Data PAss to View : favicon.ico Page No : 1 -            

2021-09-18 12:43:48.1157 - Now listening on: http://localhost:5000 -            

2021-09-18 12:43:48.2263 - Application started. Press Ctrl+C to shut down. -            

2021-09-18 12:43:48.2758 - Hosting environment: Development -            

2021-09-18 12:43:48.3062 - Content root path: D:\FreeLancerAssignments\Edureka\BankOfAmericaSessions\BOA4\BoaSessionFourNew\WebApp\BoaFourSolution\sample-app -            

2021-09-18 12:43:54.5975 - Index Called :  Page No : 1 -            

2021-09-18 12:43:54.7003 - Index Called :  Page No : 1 -            

2021-09-18 12:43:54.7801 - Index Called :  Page No : 1 -            

2021-09-18 12:43:58.4287 - Data PAss to View :  Page No : 1 -            

2021-09-18 12:44:00.1332 - Index Called : favicon.ico Page No : 1 -            

2021-09-18 12:44:00.1824 - Index Called : favicon.ico Page No : 1 -            

2021-09-18 12:44:00.2040 - Index Called : favicon.ico Page No : 1 -            

2021-09-18 12:44:00.3357 - Data PAss to View : favicon.ico Page No : 1 -            

