2021-09-04 12:21:22.4759 - Now listening on: http://localhost:5000 -            

2021-09-04 12:21:22.6056 - Application started. Press Ctrl+C to shut down. -            

2021-09-04 12:21:22.6282 - Hosting environment: Development -            

2021-09-04 12:21:22.6282 - Content root path: D:\FreeLancerAssignments\Edureka\BankOfAmericaSessions\BOA4\BoaSessionFourNew\WebApp\BoaFourSolution\sample-app -            

2021-09-04 12:21:26.6592 - Index Called :  Page No : 1 -            

2021-09-04 12:21:26.6940 - Data PAss to View :  Page No : 1 -            

2021-09-04 12:21:27.9708 - Index Called : favicon.ico Page No : 1 -            

2021-09-04 12:21:27.9906 - Data PAss to View : favicon.ico Page No : 1 -            

2021-09-04 12:21:30.1998 - Index Called :  Page No : 1 -            

2021-09-04 12:21:30.2477 - Data PAss to View :  Page No : 1 -            

2021-09-04 12:21:30.5128 - Index Called : favicon.ico Page No : 1 -            

2021-09-04 12:21:30.5629 - Data PAss to View : favicon.ico Page No : 1 -            

2021-09-04 12:21:31.4974 - Index Called : Chess Page No : 1 -            

2021-09-04 12:21:31.5100 - Data PAss to View : Chess Page No : 1 -            

2021-09-04 12:21:31.6991 - Index Called : favicon.ico Page No : 1 -            

2021-09-04 12:21:31.7101 - Data PAss to View : favicon.ico Page No : 1 -            

2021-09-04 12:21:32.9532 - Index Called : favicon.ico Page No : 1 -            

2021-09-04 12:21:32.9532 - Data PAss to View : favicon.ico Page No : 1 -            

2021-09-04 12:21:45.4693 - Product Added with ID : 4324 -            

2021-09-04 12:21:45.5018 - Index Called :  Page No : 1 -            

2021-09-04 12:21:45.5325 - Data PAss to View :  Page No : 1 -            

2021-09-04 12:21:45.7778 - Index Called : favicon.ico Page No : 1 -            

2021-09-04 12:21:45.7970 - Data PAss to View : favicon.ico Page No : 1 -            

2021-09-04 12:21:47.5691 - Index Called :  Page No : 2 -            

2021-09-04 12:21:47.5823 - Data PAss to View :  Page No : 2 -            

2021-09-04 12:21:47.6965 - Index Called : favicon.ico Page No : 1 -            

2021-09-04 12:21:47.7025 - Data PAss to View : favicon.ico Page No : 1 -            

2021-09-04 12:26:10.8328 - Now listening on: http://localhost:5000 -            

2021-09-04 12:26:10.9506 - Application started. Press Ctrl+C to shut down. -            

2021-09-04 12:26:11.0170 - Hosting environment: Development -            

2021-09-04 12:26:11.0420 - Content root path: D:\FreeLancerAssignments\Edureka\BankOfAmericaSessions\BOA4\BoaSessionFourNew\WebApp\BoaFourSolution\sample-app -            

2021-09-04 12:26:14.1092 - Index Called :  Page No : 1 -            

2021-09-04 12:26:14.1905 - Index Called :  Page No : 1 -            

2021-09-04 12:26:14.1905 - Index Called :  Page No : 1 -            

2021-09-04 12:26:14.2115 - Data PAss to View :  Page No : 1 -            

2021-09-04 12:26:15.4858 - Index Called : favicon.ico Page No : 1 -            

2021-09-04 12:26:15.5481 - Index Called : favicon.ico Page No : 1 -            

2021-09-04 12:26:15.5619 - Index Called : favicon.ico Page No : 1 -            

2021-09-04 12:26:15.5619 - Data PAss to View : favicon.ico Page No : 1 -            

2021-09-04 12:26:18.1329 - Index Called : Chess Page No : 1 -            

2021-09-04 12:26:18.1419 - Index Called : Chess Page No : 1 -            

2021-09-04 12:26:18.1785 - Index Called : Chess Page No : 1 -            

2021-09-04 12:26:18.2199 - Data PAss to View : Chess Page No : 1 -            

2021-09-04 12:26:18.4212 - Index Called : favicon.ico Page No : 1 -            

2021-09-04 12:26:18.4378 - Index Called : favicon.ico Page No : 1 -            

2021-09-04 12:26:18.4530 - Index Called : favicon.ico Page No : 1 -            

2021-09-04 12:26:18.4770 - Data PAss to View : favicon.ico Page No : 1 -            

2021-09-04 12:26:18.9357 - Index Called :  Page No : 1 -            

2021-09-04 12:26:18.9509 - Index Called :  Page No : 1 -            

2021-09-04 12:26:18.9563 - Index Called :  Page No : 1 -            

2021-09-04 12:26:18.9563 - Data PAss to View :  Page No : 1 -            

2021-09-04 12:26:19.0881 - Index Called : favicon.ico Page No : 1 -            

2021-09-04 12:26:19.0939 - Index Called : favicon.ico Page No : 1 -            

2021-09-04 12:26:19.1145 - Index Called : favicon.ico Page No : 1 -            

2021-09-04 12:26:19.1243 - Data PAss to View : favicon.ico Page No : 1 -            

2021-09-04 12:41:02.9660 - Now listening on: http://localhost:5000 -            

2021-09-04 12:41:03.1427 - Application started. Press Ctrl+C to shut down. -            

2021-09-04 12:41:03.2262 - Hosting environment: Development -            

2021-09-04 12:41:03.2914 - Content root path: D:\FreeLancerAssignments\Edureka\BankOfAmericaSessions\BOA4\BoaSessionFourNew\WebApp\BoaFourSolution\sample-app -            

2021-09-04 12:41:06.6870 - An unhandled exception has occurred while executing the request. -               at Microsoft.Extensions.DependencyInjection.ActivatorUtilities.GetService(IServiceProvider sp, Type type, Type requiredBy, Boolean isDefaultParameterRequired)
   at lambda_method(Closure , IServiceProvider , Object[] )
   at Microsoft.AspNetCore.Mvc.Controllers.ControllerActivatorProvider.<>c__DisplayClass4_0.<CreateActivator>b__0(ControllerContext controllerContext)
   at Microsoft.AspNetCore.Mvc.Controllers.ControllerFactoryProvider.<>c__DisplayClass5_0.<CreateControllerFactory>g__CreateController|0(ControllerContext controllerContext)
   at Microsoft.AspNetCore.Mvc.Infrastructure.ControllerActionInvoker.Next(State& next, Scope& scope, Object& state, Boolean& isCompleted)
   at Microsoft.AspNetCore.Mvc.Infrastructure.ControllerActionInvoker.InvokeInnerFilterAsync()
--- End of stack trace from previous location where exception was thrown ---
   at Microsoft.AspNetCore.Mvc.Infrastructure.ResourceInvoker.<InvokeNextResourceFilter>g__Awaited|24_0(ResourceInvoker invoker, Task lastTask, State next, Scope scope, Object state, Boolean isCompleted)
   at Microsoft.AspNetCore.Mvc.Infrastructure.ResourceInvoker.Rethrow(ResourceExecutedContextSealed context)
   at Microsoft.AspNetCore.Mvc.Infrastructure.ResourceInvoker.Next(State& next, Scope& scope, Object& state, Boolean& isCompleted)
   at Microsoft.AspNetCore.Mvc.Infrastructure.ResourceInvoker.InvokeFilterPipelineAsync()
--- End of stack trace from previous location where exception was thrown ---
   at Microsoft.AspNetCore.Mvc.Infrastructure.ResourceInvoker.<InvokeAsync>g__Awaited|17_0(ResourceInvoker invoker, Task task, IDisposable scope)
   at Microsoft.AspNetCore.Routing.EndpointMiddleware.<Invoke>g__AwaitRequestTask|6_0(Endpoint endpoint, Task requestTask, ILogger logger)
   at Microsoft.AspNetCore.Diagnostics.DeveloperExceptionPageMiddleware.Invoke(HttpContext context)

2021-09-04 12:41:07.7096 - An unhandled exception has occurred while executing the request. -               at Microsoft.Extensions.DependencyInjection.ActivatorUtilities.GetService(IServiceProvider sp, Type type, Type requiredBy, Boolean isDefaultParameterRequired)
   at lambda_method(Closure , IServiceProvider , Object[] )
   at Microsoft.AspNetCore.Mvc.Controllers.ControllerActivatorProvider.<>c__DisplayClass4_0.<CreateActivator>b__0(ControllerContext controllerContext)
   at Microsoft.AspNetCore.Mvc.Controllers.ControllerFactoryProvider.<>c__DisplayClass5_0.<CreateControllerFactory>g__CreateController|0(ControllerContext controllerContext)
   at Microsoft.AspNetCore.Mvc.Infrastructure.ControllerActionInvoker.Next(State& next, Scope& scope, Object& state, Boolean& isCompleted)
   at Microsoft.AspNetCore.Mvc.Infrastructure.ControllerActionInvoker.InvokeInnerFilterAsync()
--- End of stack trace from previous location where exception was thrown ---
   at Microsoft.AspNetCore.Mvc.Infrastructure.ResourceInvoker.<InvokeNextResourceFilter>g__Awaited|24_0(ResourceInvoker invoker, Task lastTask, State next, Scope scope, Object state, Boolean isCompleted)
   at Microsoft.AspNetCore.Mvc.Infrastructure.ResourceInvoker.Rethrow(ResourceExecutedContextSealed context)
   at Microsoft.AspNetCore.Mvc.Infrastructure.ResourceInvoker.Next(State& next, Scope& scope, Object& state, Boolean& isCompleted)
   at Microsoft.AspNetCore.Mvc.Infrastructure.ResourceInvoker.InvokeFilterPipelineAsync()
--- End of stack trace from previous location where exception was thrown ---
   at Microsoft.AspNetCore.Mvc.Infrastructure.ResourceInvoker.<InvokeAsync>g__Awaited|17_0(ResourceInvoker invoker, Task task, IDisposable scope)
   at Microsoft.AspNetCore.Routing.EndpointMiddleware.<Invoke>g__AwaitRequestTask|6_0(Endpoint endpoint, Task requestTask, ILogger logger)
   at Microsoft.AspNetCore.Diagnostics.DeveloperExceptionPageMiddleware.Invoke(HttpContext context)

2021-09-04 12:45:29.4161 - Now listening on: http://localhost:5000 -            

2021-09-04 12:45:29.5613 - Application started. Press Ctrl+C to shut down. -            

2021-09-04 12:45:29.5796 - Hosting environment: Development -            

2021-09-04 12:45:29.5796 - Content root path: D:\FreeLancerAssignments\Edureka\BankOfAmericaSessions\BOA4\BoaSessionFourNew\WebApp\BoaFourSolution\sample-app -            

2021-09-04 12:45:32.7900 - Index Called :  Page No : 1 -            

2021-09-04 12:45:32.9225 - Index Called :  Page No : 1 -            

2021-09-04 12:45:33.0595 - Index Called :  Page No : 1 -            

2021-09-04 12:45:33.0698 - Data PAss to View :  Page No : 1 -            

2021-09-04 12:45:34.1689 - Index Called : favicon.ico Page No : 1 -            

2021-09-04 12:45:34.1982 - Index Called : favicon.ico Page No : 1 -            

2021-09-04 12:45:34.2459 - Index Called : favicon.ico Page No : 1 -            

2021-09-04 12:45:34.2625 - Data PAss to View : favicon.ico Page No : 1 -            

2021-09-04 12:45:45.6011 - Index Called : favicon.ico Page No : 1 -            

2021-09-04 12:45:45.6154 - Index Called : favicon.ico Page No : 1 -            

2021-09-04 12:45:45.6154 - Index Called : favicon.ico Page No : 1 -            

2021-09-04 12:45:45.6290 - Data PAss to View : favicon.ico Page No : 1 -            

2021-09-04 12:46:21.5363 - Now listening on: http://localhost:5000 -            

2021-09-04 12:46:21.8053 - Application started. Press Ctrl+C to shut down. -            

2021-09-04 12:46:22.5739 - Hosting environment: Development -            

2021-09-04 12:46:22.7332 - Content root path: D:\FreeLancerAssignments\Edureka\BankOfAmericaSessions\BOA4\BoaSessionFourNew\WebApp\BoaFourSolution\sample-app -            

2021-09-04 12:46:25.3951 - Index Called :  Page No : 1 -            

2021-09-04 12:46:25.4175 - Index Called :  Page No : 1 -            

2021-09-04 12:46:25.4463 - Index Called :  Page No : 1 -            

2021-09-04 12:46:25.4645 - Data PAss to View :  Page No : 1 -            

2021-09-04 12:46:26.7965 - Index Called : favicon.ico Page No : 1 -            

2021-09-04 12:46:26.8638 - Index Called : favicon.ico Page No : 1 -            

2021-09-04 12:46:26.9063 - Index Called : favicon.ico Page No : 1 -            

2021-09-04 12:46:26.9063 - Data PAss to View : favicon.ico Page No : 1 -            

2021-09-04 12:46:28.8587 - Index Called : favicon.ico Page No : 1 -            

2021-09-04 12:46:28.8704 - Index Called : favicon.ico Page No : 1 -            

2021-09-04 12:46:28.8825 - Index Called : favicon.ico Page No : 1 -            

2021-09-04 12:46:28.8825 - Data PAss to View : favicon.ico Page No : 1 -            

2021-09-04 12:50:45.8454 - Now listening on: http://localhost:5000 -            

2021-09-04 12:50:45.9316 - Application started. Press Ctrl+C to shut down. -            

2021-09-04 12:50:45.9316 - Hosting environment: Development -            

2021-09-04 12:50:45.9402 - Content root path: D:\FreeLancerAssignments\Edureka\BankOfAmericaSessions\BOA4\BoaSessionFourNew\WebApp\BoaFourSolution\sample-app -            

2021-09-04 12:50:49.1497 - Index Called :  Page No : 1 -            

2021-09-04 12:50:49.2005 - Index Called :  Page No : 1 -            

2021-09-04 12:50:49.2080 - Index Called :  Page No : 1 -            

2021-09-04 12:50:49.2080 - Data PAss to View :  Page No : 1 -            

2021-09-04 12:50:50.5474 - Index Called : favicon.ico Page No : 1 -            

2021-09-04 12:50:50.6478 - Index Called : favicon.ico Page No : 1 -            

2021-09-04 12:50:50.6571 - Index Called : favicon.ico Page No : 1 -            

2021-09-04 12:50:50.6571 - Data PAss to View : favicon.ico Page No : 1 -            

2021-09-04 12:50:53.8970 - Index Called : favicon.ico Page No : 1 -            

2021-09-04 12:50:53.9319 - Index Called : favicon.ico Page No : 1 -            

2021-09-04 12:50:53.9585 - Index Called : favicon.ico Page No : 1 -            

2021-09-04 12:50:53.9585 - Data PAss to View : favicon.ico Page No : 1 -            

2021-09-04 12:51:03.3930 - Index Called : favicon.ico Page No : 1 -            

2021-09-04 12:51:03.3930 - Index Called : favicon.ico Page No : 1 -            

2021-09-04 12:51:03.3930 - Index Called : favicon.ico Page No : 1 -            

2021-09-04 12:51:03.4176 - Data PAss to View : favicon.ico Page No : 1 -            

2021-09-04 12:52:52.2460 - Now listening on: http://localhost:5000 -            

2021-09-04 12:52:52.3827 - Application started. Press Ctrl+C to shut down. -            

2021-09-04 12:52:52.4177 - Hosting environment: Development -            

2021-09-04 12:52:52.4297 - Content root path: D:\FreeLancerAssignments\Edureka\BankOfAmericaSessions\BOA4\BoaSessionFourNew\WebApp\BoaFourSolution\sample-app -            

2021-09-04 12:52:55.7286 - Index Called :  Page No : 1 -            

2021-09-04 12:52:55.7853 - Index Called :  Page No : 1 -            

2021-09-04 12:52:55.7853 - Index Called :  Page No : 1 -            

2021-09-04 12:52:55.8064 - Data PAss to View :  Page No : 1 -            

2021-09-04 12:52:57.1467 - Index Called : favicon.ico Page No : 1 -            

2021-09-04 12:52:57.2415 - Index Called : favicon.ico Page No : 1 -            

2021-09-04 12:52:57.2583 - Index Called : favicon.ico Page No : 1 -            

2021-09-04 12:52:57.2657 - Data PAss to View : favicon.ico Page No : 1 -            

2021-09-04 12:52:59.8463 - Index Called : favicon.ico Page No : 1 -            

2021-09-04 12:52:59.8862 - Index Called : favicon.ico Page No : 1 -            

2021-09-04 12:52:59.8954 - Index Called : favicon.ico Page No : 1 -            

2021-09-04 12:52:59.9123 - Data PAss to View : favicon.ico Page No : 1 -            

2021-09-04 12:56:11.9617 - Now listening on: http://localhost:5000 -            

2021-09-04 12:56:12.2275 - Application started. Press Ctrl+C to shut down. -            

2021-09-04 12:56:12.2982 - Hosting environment: Development -            

2021-09-04 12:56:12.2982 - Content root path: D:\FreeLancerAssignments\Edureka\BankOfAmericaSessions\BOA4\BoaSessionFourNew\WebApp\BoaFourSolution\sample-app -            

2021-09-04 12:56:15.1515 - Index Called :  Page No : 1 -            

2021-09-04 12:56:15.1764 - Index Called :  Page No : 1 -            

2021-09-04 12:56:15.1764 - Index Called :  Page No : 1 -            

2021-09-04 12:56:15.2079 - Data PAss to View :  Page No : 1 -            

2021-09-04 12:56:16.4872 - Index Called : favicon.ico Page No : 1 -            

2021-09-04 12:56:16.5735 - Index Called : favicon.ico Page No : 1 -            

2021-09-04 12:56:16.5997 - Index Called : favicon.ico Page No : 1 -            

2021-09-04 12:56:16.6680 - Data PAss to View : favicon.ico Page No : 1 -            

2021-09-04 12:56:18.4266 - Index Called : favicon.ico Page No : 1 -            

2021-09-04 12:56:18.4515 - Index Called : favicon.ico Page No : 1 -            

2021-09-04 12:56:18.4715 - Index Called : favicon.ico Page No : 1 -            

2021-09-04 12:56:18.4715 - Data PAss to View : favicon.ico Page No : 1 -            

2021-09-04 12:56:27.8728 - Index Called :  Page No : 1 -            

2021-09-04 12:56:27.8810 - Index Called :  Page No : 1 -            

2021-09-04 12:56:27.9170 - Index Called :  Page No : 1 -            

2021-09-04 12:56:28.0046 - Data PAss to View :  Page No : 1 -            

2021-09-04 12:56:28.2215 - Index Called : favicon.ico Page No : 1 -            

2021-09-04 12:56:28.2215 - Index Called : favicon.ico Page No : 1 -            

2021-09-04 12:56:28.2347 - Index Called : favicon.ico Page No : 1 -            

2021-09-04 12:56:28.2347 - Data PAss to View : favicon.ico Page No : 1 -            

2021-09-04 12:58:00.7126 - Index Called : favicon.ico Page No : 1 -            

2021-09-04 12:58:00.7385 - Index Called : favicon.ico Page No : 1 -            

2021-09-04 12:58:00.8612 - Index Called : favicon.ico Page No : 1 -            

2021-09-04 12:58:00.8612 - Data PAss to View : favicon.ico Page No : 1 -            

2021-09-04 12:58:26.0382 - Index Called :  Page No : 1 -            

2021-09-04 12:58:26.0699 - Index Called :  Page No : 1 -            

2021-09-04 12:58:26.2098 - Index Called :  Page No : 1 -            

2021-09-04 12:58:26.3371 - Data PAss to View :  Page No : 1 -            

2021-09-04 12:58:27.3915 - Index Called : favicon.ico Page No : 1 -            

2021-09-04 12:58:27.7871 - Index Called : favicon.ico Page No : 1 -            

2021-09-04 12:58:28.0367 - Index Called : favicon.ico Page No : 1 -            

2021-09-04 12:58:28.1210 - Data PAss to View : favicon.ico Page No : 1 -            

2021-09-04 12:58:29.3703 - Index Called : favicon.ico Page No : 1 -            

2021-09-04 12:58:29.3855 - Index Called : favicon.ico Page No : 1 -            

2021-09-04 12:58:29.3924 - Index Called : favicon.ico Page No : 1 -            

2021-09-04 12:58:29.3924 - Data PAss to View : favicon.ico Page No : 1 -            

2021-09-04 12:59:52.2118 - Now listening on: http://localhost:5000 -            

2021-09-04 12:59:52.4143 - Application started. Press Ctrl+C to shut down. -            

2021-09-04 12:59:52.6557 - Hosting environment: Development -            

2021-09-04 12:59:52.7365 - Content root path: D:\FreeLancerAssignments\Edureka\BankOfAmericaSessions\BOA4\BoaSessionFourNew\WebApp\BoaFourSolution\sample-app -            

2021-09-04 12:59:56.0782 - Index Called :  Page No : 1 -            

2021-09-04 12:59:56.1596 - Index Called :  Page No : 1 -            

2021-09-04 12:59:56.2642 - Index Called :  Page No : 1 -            

2021-09-04 12:59:56.3035 - Data PAss to View :  Page No : 1 -            

2021-09-04 12:59:58.0611 - Index Called : favicon.ico Page No : 1 -            

2021-09-04 12:59:58.1146 - Index Called : favicon.ico Page No : 1 -            

2021-09-04 12:59:58.1487 - Index Called : favicon.ico Page No : 1 -            

2021-09-04 12:59:58.1678 - Data PAss to View : favicon.ico Page No : 1 -            

2021-09-04 12:59:59.9068 - Index Called : favicon.ico Page No : 1 -            

2021-09-04 12:59:59.9068 - Index Called : favicon.ico Page No : 1 -            

2021-09-04 12:59:59.9295 - Index Called : favicon.ico Page No : 1 -            

2021-09-04 12:59:59.9295 - Data PAss to View : favicon.ico Page No : 1 -            

2021-09-04 13:01:10.4681 - Now listening on: http://localhost:5000 -            

2021-09-04 13:01:10.6718 - Application started. Press Ctrl+C to shut down. -            

2021-09-04 13:01:10.6971 - Hosting environment: Development -            

2021-09-04 13:01:10.7043 - Content root path: D:\FreeLancerAssignments\Edureka\BankOfAmericaSessions\BOA4\BoaSessionFourNew\WebApp\BoaFourSolution\sample-app -            

2021-09-04 13:01:14.3494 - Index Called :  Page No : 1 -            

2021-09-04 13:01:14.4408 - Index Called :  Page No : 1 -            

2021-09-04 13:01:14.4626 - Index Called :  Page No : 1 -            

2021-09-04 13:01:14.5099 - Data PAss to View :  Page No : 1 -            

2021-09-04 13:01:16.3556 - Index Called : favicon.ico Page No : 1 -            

2021-09-04 13:01:16.3696 - Index Called : favicon.ico Page No : 1 -            

2021-09-04 13:01:16.3892 - Index Called : favicon.ico Page No : 1 -            

2021-09-04 13:01:16.4071 - Data PAss to View : favicon.ico Page No : 1 -            

2021-09-04 13:01:19.4404 - Index Called : favicon.ico Page No : 1 -            

2021-09-04 13:01:19.5298 - Index Called : favicon.ico Page No : 1 -            

2021-09-04 13:01:19.5653 - Index Called : favicon.ico Page No : 1 -            

2021-09-04 13:01:19.5905 - Data PAss to View : favicon.ico Page No : 1 -            

2021-09-04 13:01:34.3494 - Index Called :  Page No : 1 -            

2021-09-04 13:01:34.4011 - Index Called :  Page No : 1 -            

2021-09-04 13:01:34.4242 - Index Called :  Page No : 1 -            

2021-09-04 13:01:34.4690 - Data PAss to View :  Page No : 1 -            

2021-09-04 13:01:35.0157 - Index Called : favicon.ico Page No : 1 -            

2021-09-04 13:01:35.0157 - Index Called : favicon.ico Page No : 1 -            

2021-09-04 13:01:35.0157 - Index Called : favicon.ico Page No : 1 -            

2021-09-04 13:01:35.0397 - Data PAss to View : favicon.ico Page No : 1 -            

2021-09-04 13:02:03.4499 - Now listening on: http://localhost:5000 -            

2021-09-04 13:02:04.0100 - Application started. Press Ctrl+C to shut down. -            

2021-09-04 13:02:04.3741 - Hosting environment: Development -            

2021-09-04 13:02:04.6553 - Content root path: D:\FreeLancerAssignments\Edureka\BankOfAmericaSessions\BOA4\BoaSessionFourNew\WebApp\BoaFourSolution\sample-app -            

2021-09-04 13:02:07.3644 - Index Called :  Page No : 1 -            

2021-09-04 13:02:07.4284 - Index Called :  Page No : 1 -            

2021-09-04 13:02:07.4949 - Index Called :  Page No : 1 -            

2021-09-04 13:02:07.5739 - Data PAss to View :  Page No : 1 -            

2021-09-04 13:02:09.5181 - Index Called : favicon.ico Page No : 1 -            

2021-09-04 13:02:09.6586 - Index Called : favicon.ico Page No : 1 -            

2021-09-04 13:02:09.7375 - Index Called : favicon.ico Page No : 1 -            

2021-09-04 13:02:09.8069 - Data PAss to View : favicon.ico Page No : 1 -            

2021-09-04 13:02:11.7115 - Index Called : favicon.ico Page No : 1 -            

2021-09-04 13:02:11.7567 - Index Called : favicon.ico Page No : 1 -            

2021-09-04 13:02:11.8157 - Index Called : favicon.ico Page No : 1 -            

2021-09-04 13:02:11.8157 - Data PAss to View : favicon.ico Page No : 1 -            

2021-09-04 13:03:37.9194 - Now listening on: http://localhost:5000 -            

2021-09-04 13:03:38.2375 - Application started. Press Ctrl+C to shut down. -            

2021-09-04 13:03:38.4045 - Hosting environment: Development -            

2021-09-04 13:03:38.6528 - Content root path: D:\FreeLancerAssignments\Edureka\BankOfAmericaSessions\BOA4\BoaSessionFourNew\WebApp\BoaFourSolution\sample-app -            

2021-09-04 13:03:41.8656 - Index Called :  Page No : 1 -            

2021-09-04 13:03:41.9416 - Index Called :  Page No : 1 -            

2021-09-04 13:03:41.9416 - Index Called :  Page No : 1 -            

2021-09-04 13:03:41.9667 - Data PAss to View :  Page No : 1 -            

2021-09-04 13:03:43.7717 - Index Called : favicon.ico Page No : 1 -            

2021-09-04 13:03:43.8278 - Index Called : favicon.ico Page No : 1 -            

2021-09-04 13:03:43.8497 - Index Called : favicon.ico Page No : 1 -            

2021-09-04 13:03:43.8604 - Data PAss to View : favicon.ico Page No : 1 -            

2021-09-04 13:03:45.3628 - Index Called : favicon.ico Page No : 1 -            

2021-09-04 13:03:45.3774 - Index Called : favicon.ico Page No : 1 -            

2021-09-04 13:03:45.3923 - Index Called : favicon.ico Page No : 1 -            

2021-09-04 13:03:45.4214 - Data PAss to View : favicon.ico Page No : 1 -            

2021-09-04 13:04:08.2385 - Index Called :  Page No : 1 -            

2021-09-04 13:04:08.2564 - Index Called :  Page No : 1 -            

2021-09-04 13:04:08.2904 - Index Called :  Page No : 1 -            

2021-09-04 13:04:08.3585 - Data PAss to View :  Page No : 1 -            

2021-09-04 13:04:08.6774 - Index Called : favicon.ico Page No : 1 -            

2021-09-04 13:04:08.6998 - Index Called : favicon.ico Page No : 1 -            

2021-09-04 13:04:08.7103 - Index Called : favicon.ico Page No : 1 -            

2021-09-04 13:04:08.7405 - Data PAss to View : favicon.ico Page No : 1 -            

