2021-09-11 09:10:25.8189 - Now listening on: http://localhost:5000 -            

2021-09-11 09:10:25.9578 - Application started. Press Ctrl+C to shut down. -            

2021-09-11 09:10:25.9768 - Hosting environment: Development -            

2021-09-11 09:10:26.0052 - Content root path: D:\FreeLancerAssignments\Edureka\BankOfAmericaSessions\BOA4\BoaSessionFourNew\WebApp\BoaFourSolution\sample-app -            

2021-09-11 09:10:35.0340 - Index Called :  Page No : 1 -            

2021-09-11 09:10:35.0546 - Index Called :  Page No : 1 -            

2021-09-11 09:10:35.0846 - Index Called :  Page No : 1 -            

2021-09-11 09:10:35.0951 - Data PAss to View :  Page No : 1 -            

2021-09-11 09:10:36.3772 - Index Called : favicon.ico Page No : 1 -            

2021-09-11 09:10:36.4541 - Index Called : favicon.ico Page No : 1 -            

2021-09-11 09:10:36.4541 - Index Called : favicon.ico Page No : 1 -            

2021-09-11 09:10:36.4723 - Data PAss to View : favicon.ico Page No : 1 -            

2021-09-11 09:10:39.9751 - Index Called :  Page No : 1 -            

2021-09-11 09:10:39.9860 - Index Called :  Page No : 1 -            

2021-09-11 09:10:40.0005 - Index Called :  Page No : 1 -            

2021-09-11 09:10:40.0816 - Data PAss to View :  Page No : 1 -            

2021-09-11 09:10:40.6290 - Index Called : favicon.ico Page No : 1 -            

2021-09-11 09:10:40.6385 - Index Called : favicon.ico Page No : 1 -            

2021-09-11 09:10:40.6759 - Index Called : favicon.ico Page No : 1 -            

2021-09-11 09:10:40.6862 - Data PAss to View : favicon.ico Page No : 1 -            

2021-09-11 09:10:42.6081 - Index Called : Chess Page No : 1 -            

2021-09-11 09:10:42.6081 - Index Called : Chess Page No : 1 -            

2021-09-11 09:10:42.6081 - Index Called : Chess Page No : 1 -            

2021-09-11 09:10:42.6716 - Data PAss to View : Chess Page No : 1 -            

2021-09-11 09:10:43.0857 - Index Called : favicon.ico Page No : 1 -            

2021-09-11 09:10:43.1349 - Index Called : favicon.ico Page No : 1 -            

2021-09-11 09:10:43.1786 - Index Called : favicon.ico Page No : 1 -            

2021-09-11 09:10:43.2121 - Data PAss to View : favicon.ico Page No : 1 -            

2021-09-11 09:10:43.6859 - Index Called : Cricket Page No : 1 -            

2021-09-11 09:10:43.6859 - Index Called : Cricket Page No : 1 -            

2021-09-11 09:10:43.7118 - Index Called : Cricket Page No : 1 -            

2021-09-11 09:10:43.7118 - Data PAss to View : Cricket Page No : 1 -            

2021-09-11 09:10:44.2288 - Index Called : favicon.ico Page No : 1 -            

2021-09-11 09:10:44.2410 - Index Called : favicon.ico Page No : 1 -            

2021-09-11 09:10:44.2590 - Index Called : favicon.ico Page No : 1 -            

2021-09-11 09:10:44.2729 - Data PAss to View : favicon.ico Page No : 1 -            

2021-09-11 09:10:44.7139 - Index Called : Soccer Page No : 1 -            

2021-09-11 09:10:44.7252 - Index Called : Soccer Page No : 1 -            

2021-09-11 09:10:44.7252 - Index Called : Soccer Page No : 1 -            

2021-09-11 09:10:44.7494 - Data PAss to View : Soccer Page No : 1 -            

2021-09-11 09:10:45.5943 - Index Called : favicon.ico Page No : 1 -            

2021-09-11 09:10:45.6537 - Index Called : favicon.ico Page No : 1 -            

2021-09-11 09:10:45.6692 - Index Called : favicon.ico Page No : 1 -            

2021-09-11 09:10:45.6881 - Data PAss to View : favicon.ico Page No : 1 -            

2021-09-11 09:10:47.5829 - Index Called : favicon.ico Page No : 1 -            

2021-09-11 09:10:47.5829 - Index Called : favicon.ico Page No : 1 -            

2021-09-11 09:10:47.5938 - Index Called : favicon.ico Page No : 1 -            

2021-09-11 09:10:47.5938 - Data PAss to View : favicon.ico Page No : 1 -            

2021-09-11 10:12:04.4504 - Now listening on: http://localhost:5000 -            

2021-09-11 10:12:04.5696 - Application started. Press Ctrl+C to shut down. -            

2021-09-11 10:12:04.5770 - Hosting environment: Development -            

2021-09-11 10:12:04.5770 - Content root path: D:\FreeLancerAssignments\Edureka\BankOfAmericaSessions\BOA4\BoaSessionFourNew\WebApp\BoaFourSolution\sample-app -            

2021-09-11 10:12:08.8919 - Index Called :  Page No : 1 -            

2021-09-11 10:12:08.9327 - Index Called :  Page No : 1 -            

2021-09-11 10:12:08.9389 - Index Called :  Page No : 1 -            

2021-09-11 10:12:11.6495 - Data PAss to View :  Page No : 1 -            

2021-09-11 10:12:12.9382 - Index Called : favicon.ico Page No : 1 -            

2021-09-11 10:12:12.9382 - Index Called : favicon.ico Page No : 1 -            

2021-09-11 10:12:12.9508 - Index Called : favicon.ico Page No : 1 -            

2021-09-11 10:12:13.0497 - Data PAss to View : favicon.ico Page No : 1 -            

2021-09-11 10:12:17.8544 - Index Called : favicon.ico Page No : 1 -            

2021-09-11 10:12:17.8617 - Index Called : favicon.ico Page No : 1 -            

2021-09-11 10:12:17.9330 - Index Called : favicon.ico Page No : 1 -            

2021-09-11 10:12:17.9411 - Data PAss to View : favicon.ico Page No : 1 -            

2021-09-11 10:12:31.1682 - Product Added with ID : 0 -            

2021-09-11 10:12:31.9257 - Index Called :  Page No : 1 -            

2021-09-11 10:12:31.9257 - Index Called :  Page No : 1 -            

2021-09-11 10:12:31.9361 - Index Called :  Page No : 1 -            

2021-09-11 10:12:31.9530 - Data PAss to View :  Page No : 1 -            

2021-09-11 10:12:32.4204 - Index Called : favicon.ico Page No : 1 -            

2021-09-11 10:12:32.4204 - Index Called : favicon.ico Page No : 1 -            

2021-09-11 10:12:32.4579 - Index Called : favicon.ico Page No : 1 -            

2021-09-11 10:12:32.4788 - Data PAss to View : favicon.ico Page No : 1 -            

2021-09-11 10:12:34.3748 - Index Called : Chess Page No : 1 -            

2021-09-11 10:12:34.4655 - Index Called : Chess Page No : 1 -            

2021-09-11 10:12:34.4812 - Index Called : Chess Page No : 1 -            

2021-09-11 10:12:34.5290 - Data PAss to View : Chess Page No : 1 -            

2021-09-11 10:12:35.3972 - Index Called : favicon.ico Page No : 1 -            

2021-09-11 10:12:35.4070 - Index Called : favicon.ico Page No : 1 -            

2021-09-11 10:12:35.4246 - Index Called : favicon.ico Page No : 1 -            

2021-09-11 10:12:35.4512 - Data PAss to View : favicon.ico Page No : 1 -            

2021-09-11 10:12:36.4100 - Index Called : favicon.ico Page No : 1 -            

2021-09-11 10:12:36.4705 - Index Called : favicon.ico Page No : 1 -            

2021-09-11 10:12:36.4705 - Index Called : favicon.ico Page No : 1 -            

2021-09-11 10:12:36.4885 - Data PAss to View : favicon.ico Page No : 1 -            

2021-09-11 10:12:53.1691 - Product Added with ID : 0 -            

2021-09-11 10:12:53.2486 - Index Called :  Page No : 1 -            

2021-09-11 10:12:53.2486 - Index Called :  Page No : 1 -            

2021-09-11 10:12:53.2745 - Index Called :  Page No : 1 -            

2021-09-11 10:12:53.3131 - Data PAss to View :  Page No : 1 -            

2021-09-11 10:12:53.7791 - Index Called : favicon.ico Page No : 1 -            

2021-09-11 10:12:53.7887 - Index Called : favicon.ico Page No : 1 -            

2021-09-11 10:12:53.8248 - Index Called : favicon.ico Page No : 1 -            

2021-09-11 10:12:53.8386 - Data PAss to View : favicon.ico Page No : 1 -            

2021-09-11 10:12:57.4685 - Index Called : favicon.ico Page No : 1 -            

2021-09-11 10:12:57.5341 - Index Called : favicon.ico Page No : 1 -            

2021-09-11 10:12:57.5341 - Index Called : favicon.ico Page No : 1 -            

2021-09-11 10:12:57.5787 - Data PAss to View : favicon.ico Page No : 1 -            

2021-09-11 10:13:12.0728 - Product Added with ID : 0 -            

2021-09-11 10:13:12.1661 - Index Called :  Page No : 1 -            

2021-09-11 10:13:12.1822 - Index Called :  Page No : 1 -            

2021-09-11 10:13:12.2186 - Index Called :  Page No : 1 -            

2021-09-11 10:13:12.2362 - Data PAss to View :  Page No : 1 -            

2021-09-11 10:13:12.6992 - Index Called : favicon.ico Page No : 1 -            

2021-09-11 10:13:12.7079 - Index Called : favicon.ico Page No : 1 -            

2021-09-11 10:13:12.7522 - Index Called : favicon.ico Page No : 1 -            

2021-09-11 10:13:12.7677 - Data PAss to View : favicon.ico Page No : 1 -            

2021-09-11 10:13:28.6289 - Index Called : favicon.ico Page No : 1 -            

2021-09-11 10:13:28.6404 - Index Called : favicon.ico Page No : 1 -            

2021-09-11 10:13:28.6404 - Index Called : favicon.ico Page No : 1 -            

2021-09-11 10:13:28.9268 - Data PAss to View : favicon.ico Page No : 1 -            

2021-09-11 10:13:40.4566 - Product Added with ID : 0 -            

2021-09-11 10:13:40.5158 - Index Called :  Page No : 1 -            

2021-09-11 10:13:40.5158 - Index Called :  Page No : 1 -            

2021-09-11 10:13:40.5529 - Index Called :  Page No : 1 -            

2021-09-11 10:13:40.5653 - Data PAss to View :  Page No : 1 -            

2021-09-11 10:13:41.2200 - Index Called : favicon.ico Page No : 1 -            

2021-09-11 10:13:41.2965 - Index Called : favicon.ico Page No : 1 -            

2021-09-11 10:13:41.2965 - Index Called : favicon.ico Page No : 1 -            

2021-09-11 10:13:41.3394 - Data PAss to View : favicon.ico Page No : 1 -            

2021-09-11 10:13:44.3781 - Index Called :  Page No : 2 -            

2021-09-11 10:13:44.4014 - Index Called :  Page No : 2 -            

2021-09-11 10:13:44.4310 - Index Called :  Page No : 2 -            

2021-09-11 10:13:44.5077 - Data PAss to View :  Page No : 2 -            

2021-09-11 10:13:44.9983 - Index Called : favicon.ico Page No : 1 -            

2021-09-11 10:13:44.9983 - Index Called : favicon.ico Page No : 1 -            

2021-09-11 10:13:45.0356 - Index Called : favicon.ico Page No : 1 -            

2021-09-11 10:13:45.0508 - Data PAss to View : favicon.ico Page No : 1 -            

2021-09-11 10:13:47.4086 - Product AdUpdateded with ID : 4 -            

2021-09-11 10:13:48.3400 - Index Called : favicon.ico Page No : 1 -            

2021-09-11 10:13:48.3684 - Index Called : favicon.ico Page No : 1 -            

2021-09-11 10:13:48.3746 - Index Called : favicon.ico Page No : 1 -            

2021-09-11 10:13:48.3746 - Data PAss to View : favicon.ico Page No : 1 -            

2021-09-11 10:14:01.0668 - Index Called :  Page No : 1 -            

2021-09-11 10:14:01.0768 - Index Called :  Page No : 1 -            

2021-09-11 10:14:01.0999 - Index Called :  Page No : 1 -            

2021-09-11 10:14:01.1226 - Data PAss to View :  Page No : 1 -            

2021-09-11 10:14:01.5421 - Index Called : favicon.ico Page No : 1 -            

2021-09-11 10:14:01.5505 - Index Called : favicon.ico Page No : 1 -            

2021-09-11 10:14:01.5505 - Index Called : favicon.ico Page No : 1 -            

2021-09-11 10:14:01.6035 - Data PAss to View : favicon.ico Page No : 1 -            

2021-09-11 10:14:03.4743 - Index Called :  Page No : 2 -            

2021-09-11 10:14:03.4743 - Index Called :  Page No : 2 -            

2021-09-11 10:14:03.4898 - Index Called :  Page No : 2 -            

2021-09-11 10:14:03.5164 - Data PAss to View :  Page No : 2 -            

2021-09-11 10:14:03.8600 - Index Called : favicon.ico Page No : 1 -            

2021-09-11 10:14:03.8600 - Index Called : favicon.ico Page No : 1 -            

2021-09-11 10:14:03.8797 - Index Called : favicon.ico Page No : 1 -            

2021-09-11 10:14:03.9036 - Data PAss to View : favicon.ico Page No : 1 -            

2021-09-11 10:14:07.1896 - Index Called :  Page No : 1 -            

2021-09-11 10:14:07.2222 - Index Called :  Page No : 1 -            

2021-09-11 10:14:07.2503 - Index Called :  Page No : 1 -            

2021-09-11 10:14:07.2847 - Data PAss to View :  Page No : 1 -            

2021-09-11 10:14:07.8219 - Index Called : favicon.ico Page No : 1 -            

2021-09-11 10:14:07.8478 - Index Called : favicon.ico Page No : 1 -            

2021-09-11 10:14:07.8478 - Index Called : favicon.ico Page No : 1 -            

2021-09-11 10:14:07.8583 - Data PAss to View : favicon.ico Page No : 1 -            

2021-09-11 10:32:46.5770 - Now listening on: http://localhost:5000 -            

2021-09-11 10:32:46.8508 - Application started. Press Ctrl+C to shut down. -            

2021-09-11 10:32:46.9381 - Hosting environment: Development -            

2021-09-11 10:32:47.0093 - Content root path: D:\FreeLancerAssignments\Edureka\BankOfAmericaSessions\BOA4\BoaSessionFourNew\WebApp\BoaFourSolution\sample-app -            

2021-09-11 10:32:50.7266 - Index Called :  Page No : 1 -            

2021-09-11 10:32:50.7580 - Index Called :  Page No : 1 -            

2021-09-11 10:32:50.7878 - Index Called :  Page No : 1 -            

2021-09-11 10:32:53.4235 - Data PAss to View :  Page No : 1 -            

2021-09-11 10:32:54.9103 - Index Called : favicon.ico Page No : 1 -            

2021-09-11 10:32:54.9252 - Index Called : favicon.ico Page No : 1 -            

2021-09-11 10:32:54.9252 - Index Called : favicon.ico Page No : 1 -            

2021-09-11 10:32:54.9956 - Data PAss to View : favicon.ico Page No : 1 -            

2021-09-11 10:33:22.0263 - Index Called : favicon.ico Page No : 1 -            

2021-09-11 10:33:22.0412 - Index Called : favicon.ico Page No : 1 -            

2021-09-11 10:33:22.0561 - Index Called : favicon.ico Page No : 1 -            

2021-09-11 10:33:22.0776 - Data PAss to View : favicon.ico Page No : 1 -            

2021-09-11 10:58:32.4592 - Now listening on: http://localhost:5000 -            

2021-09-11 10:58:32.6148 - Application started. Press Ctrl+C to shut down. -            

2021-09-11 10:58:32.6248 - Hosting environment: Development -            

2021-09-11 10:58:32.6248 - Content root path: D:\FreeLancerAssignments\Edureka\BankOfAmericaSessions\BOA4\BoaSessionFourNew\WebApp\BoaFourSolution\sample-app -            

2021-09-11 10:58:37.0483 - Index Called :  Page No : 1 -            

2021-09-11 10:58:37.0751 - Index Called :  Page No : 1 -            

2021-09-11 10:58:37.0976 - Index Called :  Page No : 1 -            

2021-09-11 10:58:39.8388 - Data PAss to View :  Page No : 1 -            

2021-09-11 10:58:41.6199 - Index Called : favicon.ico Page No : 1 -            

2021-09-11 10:58:41.6308 - Index Called : favicon.ico Page No : 1 -            

2021-09-11 10:58:41.6308 - Index Called : favicon.ico Page No : 1 -            

2021-09-11 10:58:41.7980 - Data PAss to View : favicon.ico Page No : 1 -            

2021-09-11 10:58:50.0930 - Index Called : favicon.ico Page No : 1 -            

2021-09-11 10:58:50.1621 - Index Called : favicon.ico Page No : 1 -            

2021-09-11 10:58:50.1958 - Index Called : favicon.ico Page No : 1 -            

2021-09-11 10:58:50.3270 - Data PAss to View : favicon.ico Page No : 1 -            

2021-09-11 11:01:26.4033 - Now listening on: http://localhost:5000 -            

2021-09-11 11:01:26.6876 - Application started. Press Ctrl+C to shut down. -            

2021-09-11 11:01:26.7515 - Hosting environment: Development -            

2021-09-11 11:01:26.7838 - Content root path: D:\FreeLancerAssignments\Edureka\BankOfAmericaSessions\BOA4\BoaSessionFourNew\WebApp\BoaFourSolution\sample-app -            

2021-09-11 11:01:30.5843 - Index Called :  Page No : 1 -            

2021-09-11 11:01:30.6380 - Index Called :  Page No : 1 -            

2021-09-11 11:01:30.6435 - Index Called :  Page No : 1 -            

2021-09-11 11:01:33.5534 - Data PAss to View :  Page No : 1 -            

2021-09-11 11:01:35.0712 - Index Called : favicon.ico Page No : 1 -            

2021-09-11 11:01:35.1387 - Index Called : favicon.ico Page No : 1 -            

2021-09-11 11:01:35.1387 - Index Called : favicon.ico Page No : 1 -            

2021-09-11 11:01:35.2245 - Data PAss to View : favicon.ico Page No : 1 -            

2021-09-11 11:01:48.2131 - Failed executing DbCommand (341ms) [Parameters=[@p0='?' (DbType = Int32), @p1='?' (Size = 4000)], CommandType='Text', CommandTimeout='30']
SET NOCOUNT ON;
INSERT INTO [Sales] ([ProductId], [ProductName])
VALUES (@p0, @p1); -            

2021-09-11 11:01:48.4997 - An exception occurred in the database while saving changes for context type 'sample_app.Models.BoaSessionFourBatchContext'.
Microsoft.EntityFrameworkCore.DbUpdateException: An error occurred while updating the entries. See the inner exception for details.
 ---> Microsoft.Data.SqlClient.SqlException (0x80131904): Violation of PRIMARY KEY constraint 'PK__Sales__B40CC6CDFCDCE646'. Cannot insert duplicate key in object 'dbo.Sales'. The duplicate key value is (2).
The statement has been terminated.
   at Microsoft.Data.SqlClient.SqlConnection.OnError(SqlException exception, Boolean breakConnection, Action`1 wrapCloseInAction)
   at Microsoft.Data.SqlClient.SqlInternalConnection.OnError(SqlException exception, Boolean breakConnection, Action`1 wrapCloseInAction)
   at Microsoft.Data.SqlClient.TdsParser.ThrowExceptionAndWarning(TdsParserStateObject stateObj, Boolean callerHasConnectionLock, Boolean asyncClose)
   at Microsoft.Data.SqlClient.TdsParser.TryRun(RunBehavior runBehavior, SqlCommand cmdHandler, SqlDataReader dataStream, BulkCopySimpleResultSet bulkCopyHandler, TdsParserStateObject stateObj, Boolean& dataReady)
   at Microsoft.Data.SqlClient.SqlDataReader.TryConsumeMetaData()
   at Microsoft.Data.SqlClient.SqlDataReader.get_MetaData()
   at Microsoft.Data.SqlClient.SqlCommand.FinishExecuteReader(SqlDataReader ds, RunBehavior runBehavior, String resetOptionsString, Boolean isInternal, Boolean forDescribeParameterEncryption, Boolean shouldCacheForAlwaysEncrypted)
   at Microsoft.Data.SqlClient.SqlCommand.RunExecuteReaderTds(CommandBehavior cmdBehavior, RunBehavior runBehavior, Boolean returnStream, Boolean isAsync, Int32 timeout, Task& task, Boolean asyncWrite, Boolean inRetry, SqlDataReader ds, Boolean describeParameterEncryptionRequest)
   at Microsoft.Data.SqlClient.SqlCommand.RunExecuteReader(CommandBehavior cmdBehavior, RunBehavior runBehavior, Boolean returnStream, TaskCompletionSource`1 completion, Int32 timeout, Task& task, Boolean& usedCache, Boolean asyncWrite, Boolean inRetry, String method)
   at Microsoft.Data.SqlClient.SqlCommand.RunExecuteReader(CommandBehavior cmdBehavior, RunBehavior runBehavior, Boolean returnStream, String method)
   at Microsoft.Data.SqlClient.SqlCommand.ExecuteReader(CommandBehavior behavior)
   at Microsoft.Data.SqlClient.SqlCommand.ExecuteDbDataReader(CommandBehavior behavior)
   at System.Data.Common.DbCommand.ExecuteReader()
   at Microsoft.EntityFrameworkCore.Storage.RelationalCommand.ExecuteReader(RelationalCommandParameterObject parameterObject)
   at Microsoft.EntityFrameworkCore.Update.ReaderModificationCommandBatch.Execute(IRelationalConnection connection)
ClientConnectionId:8f936c42-2d95-4946-9f25-786ff6e8e30b
Error Number:2627,State:1,Class:14
   --- End of inner exception stack trace ---
   at Microsoft.EntityFrameworkCore.Update.ReaderModificationCommandBatch.Execute(IRelationalConnection connection)
   at Microsoft.EntityFrameworkCore.Update.Internal.BatchExecutor.Execute(IEnumerable`1 commandBatches, IRelationalConnection connection)
   at Microsoft.EntityFrameworkCore.Storage.RelationalDatabase.SaveChanges(IList`1 entries)
   at Microsoft.EntityFrameworkCore.ChangeTracking.Internal.StateManager.SaveChanges(IList`1 entriesToSave)
   at Microsoft.EntityFrameworkCore.ChangeTracking.Internal.StateManager.SaveChanges(DbContext _, Boolean acceptAllChangesOnSuccess)
   at Microsoft.EntityFrameworkCore.SqlServer.Storage.Internal.SqlServerExecutionStrategy.Execute[TState,TResult](TState state, Func`3 operation, Func`3 verifySucceeded)
   at Microsoft.EntityFrameworkCore.ChangeTracking.Internal.StateManager.SaveChanges(Boolean acceptAllChangesOnSuccess)
   at Microsoft.EntityFrameworkCore.DbContext.SaveChanges(Boolean acceptAllChangesOnSuccess) -               at Microsoft.EntityFrameworkCore.Update.ReaderModificationCommandBatch.Execute(IRelationalConnection connection)
   at Microsoft.EntityFrameworkCore.Update.Internal.BatchExecutor.Execute(IEnumerable`1 commandBatches, IRelationalConnection connection)
   at Microsoft.EntityFrameworkCore.Storage.RelationalDatabase.SaveChanges(IList`1 entries)
   at Microsoft.EntityFrameworkCore.ChangeTracking.Internal.StateManager.SaveChanges(IList`1 entriesToSave)
   at Microsoft.EntityFrameworkCore.ChangeTracking.Internal.StateManager.SaveChanges(DbContext _, Boolean acceptAllChangesOnSuccess)
   at Microsoft.EntityFrameworkCore.SqlServer.Storage.Internal.SqlServerExecutionStrategy.Execute[TState,TResult](TState state, Func`3 operation, Func`3 verifySucceeded)
   at Microsoft.EntityFrameworkCore.ChangeTracking.Internal.StateManager.SaveChanges(Boolean acceptAllChangesOnSuccess)
   at Microsoft.EntityFrameworkCore.DbContext.SaveChanges(Boolean acceptAllChangesOnSuccess)

2021-09-11 11:05:55.4528 - Now listening on: http://localhost:5000 -            

2021-09-11 11:05:55.5591 - Application started. Press Ctrl+C to shut down. -            

2021-09-11 11:05:55.5724 - Hosting environment: Development -            

2021-09-11 11:05:55.5908 - Content root path: D:\FreeLancerAssignments\Edureka\BankOfAmericaSessions\BOA4\BoaSessionFourNew\WebApp\BoaFourSolution\sample-app -            

2021-09-11 11:06:00.0758 - Index Called :  Page No : 1 -            

2021-09-11 11:06:00.1202 - Index Called :  Page No : 1 -            

2021-09-11 11:06:00.1447 - Index Called :  Page No : 1 -            

2021-09-11 11:06:03.0131 - Data PAss to View :  Page No : 1 -            

2021-09-11 11:06:04.5591 - Index Called : favicon.ico Page No : 1 -            

2021-09-11 11:06:04.5825 - Index Called : favicon.ico Page No : 1 -            

2021-09-11 11:06:04.6010 - Index Called : favicon.ico Page No : 1 -            

2021-09-11 11:06:04.7089 - Data PAss to View : favicon.ico Page No : 1 -            

2021-09-11 11:06:13.2389 - Failed executing DbCommand (5ms) [Parameters=[@p0='?' (DbType = Int32), @p1='?' (Size = 4000)], CommandType='Text', CommandTimeout='30']
SET NOCOUNT ON;
INSERT INTO [Sales] ([ProductId], [ProductName])
VALUES (@p0, @p1); -            

2021-09-11 11:06:13.5401 - An exception occurred in the database while saving changes for context type 'sample_app.Models.BoaSessionFourBatchContext'.
Microsoft.EntityFrameworkCore.DbUpdateException: An error occurred while updating the entries. See the inner exception for details.
 ---> Microsoft.Data.SqlClient.SqlException (0x80131904): Violation of PRIMARY KEY constraint 'PK__Sales__B40CC6CDFCDCE646'. Cannot insert duplicate key in object 'dbo.Sales'. The duplicate key value is (2).
The statement has been terminated.
   at Microsoft.Data.SqlClient.SqlConnection.OnError(SqlException exception, Boolean breakConnection, Action`1 wrapCloseInAction)
   at Microsoft.Data.SqlClient.SqlInternalConnection.OnError(SqlException exception, Boolean breakConnection, Action`1 wrapCloseInAction)
   at Microsoft.Data.SqlClient.TdsParser.ThrowExceptionAndWarning(TdsParserStateObject stateObj, Boolean callerHasConnectionLock, Boolean asyncClose)
   at Microsoft.Data.SqlClient.TdsParser.TryRun(RunBehavior runBehavior, SqlCommand cmdHandler, SqlDataReader dataStream, BulkCopySimpleResultSet bulkCopyHandler, TdsParserStateObject stateObj, Boolean& dataReady)
   at Microsoft.Data.SqlClient.SqlDataReader.TryConsumeMetaData()
   at Microsoft.Data.SqlClient.SqlDataReader.get_MetaData()
   at Microsoft.Data.SqlClient.SqlCommand.FinishExecuteReader(SqlDataReader ds, RunBehavior runBehavior, String resetOptionsString, Boolean isInternal, Boolean forDescribeParameterEncryption, Boolean shouldCacheForAlwaysEncrypted)
   at Microsoft.Data.SqlClient.SqlCommand.RunExecuteReaderTds(CommandBehavior cmdBehavior, RunBehavior runBehavior, Boolean returnStream, Boolean isAsync, Int32 timeout, Task& task, Boolean asyncWrite, Boolean inRetry, SqlDataReader ds, Boolean describeParameterEncryptionRequest)
   at Microsoft.Data.SqlClient.SqlCommand.RunExecuteReader(CommandBehavior cmdBehavior, RunBehavior runBehavior, Boolean returnStream, TaskCompletionSource`1 completion, Int32 timeout, Task& task, Boolean& usedCache, Boolean asyncWrite, Boolean inRetry, String method)
   at Microsoft.Data.SqlClient.SqlCommand.RunExecuteReader(CommandBehavior cmdBehavior, RunBehavior runBehavior, Boolean returnStream, String method)
   at Microsoft.Data.SqlClient.SqlCommand.ExecuteReader(CommandBehavior behavior)
   at Microsoft.Data.SqlClient.SqlCommand.ExecuteDbDataReader(CommandBehavior behavior)
   at System.Data.Common.DbCommand.ExecuteReader()
   at Microsoft.EntityFrameworkCore.Storage.RelationalCommand.ExecuteReader(RelationalCommandParameterObject parameterObject)
   at Microsoft.EntityFrameworkCore.Update.ReaderModificationCommandBatch.Execute(IRelationalConnection connection)
ClientConnectionId:d33f8fcf-1543-4759-b68b-238f01d8d4ef
Error Number:2627,State:1,Class:14
   --- End of inner exception stack trace ---
   at Microsoft.EntityFrameworkCore.Update.ReaderModificationCommandBatch.Execute(IRelationalConnection connection)
   at Microsoft.EntityFrameworkCore.Update.Internal.BatchExecutor.Execute(IEnumerable`1 commandBatches, IRelationalConnection connection)
   at Microsoft.EntityFrameworkCore.Storage.RelationalDatabase.SaveChanges(IList`1 entries)
   at Microsoft.EntityFrameworkCore.ChangeTracking.Internal.StateManager.SaveChanges(IList`1 entriesToSave)
   at Microsoft.EntityFrameworkCore.ChangeTracking.Internal.StateManager.SaveChanges(DbContext _, Boolean acceptAllChangesOnSuccess)
   at Microsoft.EntityFrameworkCore.SqlServer.Storage.Internal.SqlServerExecutionStrategy.Execute[TState,TResult](TState state, Func`3 operation, Func`3 verifySucceeded)
   at Microsoft.EntityFrameworkCore.ChangeTracking.Internal.StateManager.SaveChanges(Boolean acceptAllChangesOnSuccess)
   at Microsoft.EntityFrameworkCore.DbContext.SaveChanges(Boolean acceptAllChangesOnSuccess) -               at Microsoft.EntityFrameworkCore.Update.ReaderModificationCommandBatch.Execute(IRelationalConnection connection)
   at Microsoft.EntityFrameworkCore.Update.Internal.BatchExecutor.Execute(IEnumerable`1 commandBatches, IRelationalConnection connection)
   at Microsoft.EntityFrameworkCore.Storage.RelationalDatabase.SaveChanges(IList`1 entries)
   at Microsoft.EntityFrameworkCore.ChangeTracking.Internal.StateManager.SaveChanges(IList`1 entriesToSave)
   at Microsoft.EntityFrameworkCore.ChangeTracking.Internal.StateManager.SaveChanges(DbContext _, Boolean acceptAllChangesOnSuccess)
   at Microsoft.EntityFrameworkCore.SqlServer.Storage.Internal.SqlServerExecutionStrategy.Execute[TState,TResult](TState state, Func`3 operation, Func`3 verifySucceeded)
   at Microsoft.EntityFrameworkCore.ChangeTracking.Internal.StateManager.SaveChanges(Boolean acceptAllChangesOnSuccess)
   at Microsoft.EntityFrameworkCore.DbContext.SaveChanges(Boolean acceptAllChangesOnSuccess)

2021-09-11 11:07:27.9100 - Now listening on: http://localhost:5000 -            

2021-09-11 11:07:27.9924 - Application started. Press Ctrl+C to shut down. -            

2021-09-11 11:07:28.0064 - Hosting environment: Development -            

2021-09-11 11:07:28.0510 - Content root path: D:\FreeLancerAssignments\Edureka\BankOfAmericaSessions\BOA4\BoaSessionFourNew\WebApp\BoaFourSolution\sample-app -            

2021-09-11 11:07:32.3432 - Index Called :  Page No : 1 -            

2021-09-11 11:07:32.3805 - Index Called :  Page No : 1 -            

2021-09-11 11:07:32.3957 - Index Called :  Page No : 1 -            

2021-09-11 11:07:35.1751 - Data PAss to View :  Page No : 1 -            

2021-09-11 11:07:36.8291 - Index Called : favicon.ico Page No : 1 -            

2021-09-11 11:07:36.8612 - Index Called : favicon.ico Page No : 1 -            

2021-09-11 11:07:36.8612 - Index Called : favicon.ico Page No : 1 -            

2021-09-11 11:07:36.9468 - Data PAss to View : favicon.ico Page No : 1 -            

2021-09-11 11:07:43.5568 - Failed executing DbCommand (14ms) [Parameters=[@p0='?' (DbType = Int32), @p1='?' (Size = 4000)], CommandType='Text', CommandTimeout='30']
SET NOCOUNT ON;
INSERT INTO [Sales] ([ProductId], [ProductName])
VALUES (@p0, @p1); -            

2021-09-11 11:07:43.8547 - An exception occurred in the database while saving changes for context type 'sample_app.Models.BoaSessionFourBatchContext'.
Microsoft.EntityFrameworkCore.DbUpdateException: An error occurred while updating the entries. See the inner exception for details.
 ---> Microsoft.Data.SqlClient.SqlException (0x80131904): Violation of PRIMARY KEY constraint 'PK__Sales__B40CC6CDFCDCE646'. Cannot insert duplicate key in object 'dbo.Sales'. The duplicate key value is (2).
The statement has been terminated.
   at Microsoft.Data.SqlClient.SqlConnection.OnError(SqlException exception, Boolean breakConnection, Action`1 wrapCloseInAction)
   at Microsoft.Data.SqlClient.SqlInternalConnection.OnError(SqlException exception, Boolean breakConnection, Action`1 wrapCloseInAction)
   at Microsoft.Data.SqlClient.TdsParser.ThrowExceptionAndWarning(TdsParserStateObject stateObj, Boolean callerHasConnectionLock, Boolean asyncClose)
   at Microsoft.Data.SqlClient.TdsParser.TryRun(RunBehavior runBehavior, SqlCommand cmdHandler, SqlDataReader dataStream, BulkCopySimpleResultSet bulkCopyHandler, TdsParserStateObject stateObj, Boolean& dataReady)
   at Microsoft.Data.SqlClient.SqlDataReader.TryConsumeMetaData()
   at Microsoft.Data.SqlClient.SqlDataReader.get_MetaData()
   at Microsoft.Data.SqlClient.SqlCommand.FinishExecuteReader(SqlDataReader ds, RunBehavior runBehavior, String resetOptionsString, Boolean isInternal, Boolean forDescribeParameterEncryption, Boolean shouldCacheForAlwaysEncrypted)
   at Microsoft.Data.SqlClient.SqlCommand.RunExecuteReaderTds(CommandBehavior cmdBehavior, RunBehavior runBehavior, Boolean returnStream, Boolean isAsync, Int32 timeout, Task& task, Boolean asyncWrite, Boolean inRetry, SqlDataReader ds, Boolean describeParameterEncryptionRequest)
   at Microsoft.Data.SqlClient.SqlCommand.RunExecuteReader(CommandBehavior cmdBehavior, RunBehavior runBehavior, Boolean returnStream, TaskCompletionSource`1 completion, Int32 timeout, Task& task, Boolean& usedCache, Boolean asyncWrite, Boolean inRetry, String method)
   at Microsoft.Data.SqlClient.SqlCommand.RunExecuteReader(CommandBehavior cmdBehavior, RunBehavior runBehavior, Boolean returnStream, String method)
   at Microsoft.Data.SqlClient.SqlCommand.ExecuteReader(CommandBehavior behavior)
   at Microsoft.Data.SqlClient.SqlCommand.ExecuteDbDataReader(CommandBehavior behavior)
   at System.Data.Common.DbCommand.ExecuteReader()
   at Microsoft.EntityFrameworkCore.Storage.RelationalCommand.ExecuteReader(RelationalCommandParameterObject parameterObject)
   at Microsoft.EntityFrameworkCore.Update.ReaderModificationCommandBatch.Execute(IRelationalConnection connection)
ClientConnectionId:33588aa2-47f5-44c4-91ce-e70db788da00
Error Number:2627,State:1,Class:14
   --- End of inner exception stack trace ---
   at Microsoft.EntityFrameworkCore.Update.ReaderModificationCommandBatch.Execute(IRelationalConnection connection)
   at Microsoft.EntityFrameworkCore.Update.Internal.BatchExecutor.Execute(IEnumerable`1 commandBatches, IRelationalConnection connection)
   at Microsoft.EntityFrameworkCore.Storage.RelationalDatabase.SaveChanges(IList`1 entries)
   at Microsoft.EntityFrameworkCore.ChangeTracking.Internal.StateManager.SaveChanges(IList`1 entriesToSave)
   at Microsoft.EntityFrameworkCore.ChangeTracking.Internal.StateManager.SaveChanges(DbContext _, Boolean acceptAllChangesOnSuccess)
   at Microsoft.EntityFrameworkCore.SqlServer.Storage.Internal.SqlServerExecutionStrategy.Execute[TState,TResult](TState state, Func`3 operation, Func`3 verifySucceeded)
   at Microsoft.EntityFrameworkCore.ChangeTracking.Internal.StateManager.SaveChanges(Boolean acceptAllChangesOnSuccess)
   at Microsoft.EntityFrameworkCore.DbContext.SaveChanges(Boolean acceptAllChangesOnSuccess) -               at Microsoft.EntityFrameworkCore.Update.ReaderModificationCommandBatch.Execute(IRelationalConnection connection)
   at Microsoft.EntityFrameworkCore.Update.Internal.BatchExecutor.Execute(IEnumerable`1 commandBatches, IRelationalConnection connection)
   at Microsoft.EntityFrameworkCore.Storage.RelationalDatabase.SaveChanges(IList`1 entries)
   at Microsoft.EntityFrameworkCore.ChangeTracking.Internal.StateManager.SaveChanges(IList`1 entriesToSave)
   at Microsoft.EntityFrameworkCore.ChangeTracking.Internal.StateManager.SaveChanges(DbContext _, Boolean acceptAllChangesOnSuccess)
   at Microsoft.EntityFrameworkCore.SqlServer.Storage.Internal.SqlServerExecutionStrategy.Execute[TState,TResult](TState state, Func`3 operation, Func`3 verifySucceeded)
   at Microsoft.EntityFrameworkCore.ChangeTracking.Internal.StateManager.SaveChanges(Boolean acceptAllChangesOnSuccess)
   at Microsoft.EntityFrameworkCore.DbContext.SaveChanges(Boolean acceptAllChangesOnSuccess)

