2021-09-12 10:42:38.9358 - Now listening on: http://localhost:5000 -            

2021-09-12 10:42:39.0603 - Application started. Press Ctrl+C to shut down. -            

2021-09-12 10:42:39.0693 - Hosting environment: Development -            

2021-09-12 10:42:39.0693 - Content root path: D:\FreeLancerAssignments\Edureka\BankOfAmericaSessions\BOA4\BoaSessionFourNew\WebApp\BoaFourSolution\sample-app -            

2021-09-12 10:42:45.7494 - Index Called :  Page No : 1 -            

2021-09-12 10:42:45.8178 - Index Called :  Page No : 1 -            

2021-09-12 10:42:45.8340 - Index Called :  Page No : 1 -            

2021-09-12 10:42:49.5750 - Data PAss to View :  Page No : 1 -            

2021-09-12 10:42:51.5716 - Index Called : favicon.ico Page No : 1 -            

2021-09-12 10:42:51.5807 - Index Called : favicon.ico Page No : 1 -            

2021-09-12 10:42:51.6339 - Index Called : favicon.ico Page No : 1 -            

2021-09-12 10:42:51.7487 - Data PAss to View : favicon.ico Page No : 1 -            

2021-09-12 10:43:34.5173 - Now listening on: http://localhost:5000 -            

2021-09-12 10:43:34.7470 - Application started. Press Ctrl+C to shut down. -            

2021-09-12 10:43:34.8745 - Hosting environment: Development -            

2021-09-12 10:43:34.9625 - Content root path: D:\FreeLancerAssignments\Edureka\BankOfAmericaSessions\BOA4\BoaSessionFourNew\WebApp\BoaFourSolution\sample-app -            

2021-09-12 10:43:38.9451 - Index Called :  Page No : 1 -            

2021-09-12 10:43:39.0093 - Index Called :  Page No : 1 -            

2021-09-12 10:43:39.0234 - Index Called :  Page No : 1 -            

2021-09-12 10:43:42.1586 - Data PAss to View :  Page No : 1 -            

2021-09-12 10:43:43.7504 - Index Called : favicon.ico Page No : 1 -            

2021-09-12 10:43:43.8484 - Index Called : favicon.ico Page No : 1 -            

2021-09-12 10:43:43.8484 - Index Called : favicon.ico Page No : 1 -            

2021-09-12 10:43:43.9619 - Data PAss to View : favicon.ico Page No : 1 -            

2021-09-12 10:44:01.4579 - Index Called : favicon.ico Page No : 1 -            

2021-09-12 10:44:01.5167 - Index Called : favicon.ico Page No : 1 -            

2021-09-12 10:44:01.5462 - Index Called : favicon.ico Page No : 1 -            

2021-09-12 10:44:01.7931 - Data PAss to View : favicon.ico Page No : 1 -            

2021-09-12 10:49:46.7471 - Index Called : favicon.ico Page No : 1 -            

2021-09-12 10:49:46.7854 - Index Called : favicon.ico Page No : 1 -            

2021-09-12 10:49:46.8264 - Index Called : favicon.ico Page No : 1 -            

2021-09-12 10:49:47.1261 - Data PAss to View : favicon.ico Page No : 1 -            

2021-09-12 10:50:57.9191 - Now listening on: http://localhost:5000 -            

2021-09-12 10:50:58.5034 - Application started. Press Ctrl+C to shut down. -            

2021-09-12 10:50:58.6723 - Hosting environment: Development -            

2021-09-12 10:50:58.7020 - Content root path: D:\FreeLancerAssignments\Edureka\BankOfAmericaSessions\BOA4\BoaSessionFourNew\WebApp\BoaFourSolution\sample-app -            

2021-09-12 10:51:02.5253 - Index Called :  Page No : 1 -            

2021-09-12 10:51:02.5662 - Index Called :  Page No : 1 -            

2021-09-12 10:51:02.5830 - Index Called :  Page No : 1 -            

2021-09-12 10:51:06.0131 - Data PAss to View :  Page No : 1 -            

2021-09-12 10:51:08.5358 - Index Called : favicon.ico Page No : 1 -            

2021-09-12 10:51:08.5512 - Index Called : favicon.ico Page No : 1 -            

2021-09-12 10:51:08.5663 - Index Called : favicon.ico Page No : 1 -            

2021-09-12 10:51:08.6579 - Data PAss to View : favicon.ico Page No : 1 -            

2021-09-12 10:51:24.8201 - Index Called : favicon.ico Page No : 1 -            

2021-09-12 10:51:24.8584 - Index Called : favicon.ico Page No : 1 -            

2021-09-12 10:51:24.8991 - Index Called : favicon.ico Page No : 1 -            

2021-09-12 10:51:24.9140 - Data PAss to View : favicon.ico Page No : 1 -            

2021-09-12 11:46:07.9301 - Now listening on: http://localhost:5000 -            

2021-09-12 11:46:08.1636 - Application started. Press Ctrl+C to shut down. -            

2021-09-12 11:46:08.1786 - Hosting environment: Development -            

2021-09-12 11:46:08.2287 - Content root path: D:\FreeLancerAssignments\Edureka\BankOfAmericaSessions\BOA4\BoaSessionFourNew\WebApp\BoaFourSolution\sample-app -            

2021-09-12 11:46:12.6084 - Index Called :  Page No : 1 -            

2021-09-12 11:46:12.6592 - Index Called :  Page No : 1 -            

2021-09-12 11:46:12.6735 - Index Called :  Page No : 1 -            

2021-09-12 11:46:15.9790 - Data PAss to View :  Page No : 1 -            

2021-09-12 11:46:17.3636 - Index Called : favicon.ico Page No : 1 -            

2021-09-12 11:46:17.3636 - Index Called : favicon.ico Page No : 1 -            

2021-09-12 11:46:17.4065 - Index Called : favicon.ico Page No : 1 -            

2021-09-12 11:46:17.5041 - Data PAss to View : favicon.ico Page No : 1 -            

2021-09-12 11:46:30.7692 - Index Called : favicon.ico Page No : 1 -            

2021-09-12 11:46:30.8088 - Index Called : favicon.ico Page No : 1 -            

2021-09-12 11:46:30.8261 - Index Called : favicon.ico Page No : 1 -            

2021-09-12 11:46:30.8328 - Data PAss to View : favicon.ico Page No : 1 -            

2021-09-12 11:48:33.2940 - Now listening on: http://localhost:5000 -            

2021-09-12 11:48:33.5205 - Application started. Press Ctrl+C to shut down. -            

2021-09-12 11:48:33.6119 - Hosting environment: Development -            

2021-09-12 11:48:33.6722 - Content root path: D:\FreeLancerAssignments\Edureka\BankOfAmericaSessions\BOA4\BoaSessionFourNew\WebApp\BoaFourSolution\sample-app -            

2021-09-12 11:48:37.8998 - Index Called :  Page No : 1 -            

2021-09-12 11:48:37.9232 - Index Called :  Page No : 1 -            

2021-09-12 11:48:37.9437 - Index Called :  Page No : 1 -            

2021-09-12 11:48:40.7948 - Data PAss to View :  Page No : 1 -            

2021-09-12 11:48:41.8686 - Index Called : favicon.ico Page No : 1 -            

2021-09-12 11:48:41.9199 - Index Called : favicon.ico Page No : 1 -            

2021-09-12 11:48:41.9244 - Index Called : favicon.ico Page No : 1 -            

2021-09-12 11:48:42.0482 - Data PAss to View : favicon.ico Page No : 1 -            

2021-09-12 11:48:49.1652 - Index Called : favicon.ico Page No : 1 -            

2021-09-12 11:48:49.1764 - Index Called : favicon.ico Page No : 1 -            

2021-09-12 11:48:49.1764 - Index Called : favicon.ico Page No : 1 -            

2021-09-12 11:48:49.2150 - Data PAss to View : favicon.ico Page No : 1 -            

2021-09-12 11:55:32.7484 - Now listening on: http://localhost:5000 -            

2021-09-12 11:55:32.8510 - Application started. Press Ctrl+C to shut down. -            

2021-09-12 11:55:32.8629 - Hosting environment: Development -            

2021-09-12 11:55:32.8629 - Content root path: D:\FreeLancerAssignments\Edureka\BankOfAmericaSessions\BOA4\BoaSessionFourNew\WebApp\BoaFourSolution\sample-app -            

2021-09-12 11:55:37.3296 - Index Called :  Page No : 1 -            

2021-09-12 11:55:37.3964 - Index Called :  Page No : 1 -            

2021-09-12 11:55:37.3964 - Index Called :  Page No : 1 -            

2021-09-12 11:55:40.3794 - Data PAss to View :  Page No : 1 -            

2021-09-12 11:55:41.6287 - Index Called : favicon.ico Page No : 1 -            

2021-09-12 11:55:41.6445 - Index Called : favicon.ico Page No : 1 -            

2021-09-12 11:55:41.6755 - Index Called : favicon.ico Page No : 1 -            

2021-09-12 11:55:41.7598 - Data PAss to View : favicon.ico Page No : 1 -            

2021-09-12 11:55:44.4827 - Index Called : favicon.ico Page No : 1 -            

2021-09-12 11:55:44.4923 - Index Called : favicon.ico Page No : 1 -            

2021-09-12 11:55:44.5506 - Index Called : favicon.ico Page No : 1 -            

2021-09-12 11:55:44.6005 - Data PAss to View : favicon.ico Page No : 1 -            

2021-09-12 11:56:16.1983 - Index Called : favicon.ico Page No : 1 -            

2021-09-12 11:56:16.1983 - Index Called : favicon.ico Page No : 1 -            

2021-09-12 11:56:16.2495 - Index Called : favicon.ico Page No : 1 -            

2021-09-12 11:56:16.2698 - Data PAss to View : favicon.ico Page No : 1 -            

2021-09-12 11:57:40.2771 - Now listening on: http://localhost:5000 -            

2021-09-12 11:57:40.3723 - Application started. Press Ctrl+C to shut down. -            

2021-09-12 11:57:40.3774 - Hosting environment: Development -            

2021-09-12 11:57:40.3774 - Content root path: D:\FreeLancerAssignments\Edureka\BankOfAmericaSessions\BOA4\BoaSessionFourNew\WebApp\BoaFourSolution\sample-app -            

2021-09-12 11:57:44.7223 - Index Called :  Page No : 1 -            

2021-09-12 11:57:44.7691 - Index Called :  Page No : 1 -            

2021-09-12 11:57:44.7900 - Index Called :  Page No : 1 -            

2021-09-12 11:57:47.8123 - Data PAss to View :  Page No : 1 -            

2021-09-12 11:57:49.2601 - Index Called : favicon.ico Page No : 1 -            

2021-09-12 11:57:49.3297 - Index Called : favicon.ico Page No : 1 -            

2021-09-12 11:57:49.3431 - Index Called : favicon.ico Page No : 1 -            

2021-09-12 11:57:49.4387 - Data PAss to View : favicon.ico Page No : 1 -            

2021-09-12 11:57:52.4530 - Index Called : favicon.ico Page No : 1 -            

2021-09-12 11:57:52.4840 - Index Called : favicon.ico Page No : 1 -            

2021-09-12 11:57:52.5200 - Index Called : favicon.ico Page No : 1 -            

2021-09-12 11:57:52.5200 - Data PAss to View : favicon.ico Page No : 1 -            

2021-09-12 12:07:34.7854 - Now listening on: http://localhost:5000 -            

2021-09-12 12:07:35.0132 - Application started. Press Ctrl+C to shut down. -            

2021-09-12 12:07:35.1435 - Hosting environment: Development -            

2021-09-12 12:07:35.1787 - Content root path: D:\FreeLancerAssignments\Edureka\BankOfAmericaSessions\BOA4\BoaSessionFourNew\WebApp\BoaFourSolution\sample-app -            

2021-09-12 12:07:39.8527 - Index Called :  Page No : 1 -            

2021-09-12 12:07:39.8850 - Index Called :  Page No : 1 -            

2021-09-12 12:07:39.9552 - Index Called :  Page No : 1 -            

2021-09-12 12:07:43.3071 - Data PAss to View :  Page No : 1 -            

2021-09-12 12:07:44.9132 - Index Called : favicon.ico Page No : 1 -            

2021-09-12 12:07:44.9132 - Index Called : favicon.ico Page No : 1 -            

2021-09-12 12:07:44.9233 - Index Called : favicon.ico Page No : 1 -            

2021-09-12 12:07:45.0024 - Data PAss to View : favicon.ico Page No : 1 -            

2021-09-12 12:07:51.6508 - Index Called : favicon.ico Page No : 1 -            

2021-09-12 12:07:51.6907 - Index Called : favicon.ico Page No : 1 -            

2021-09-12 12:07:51.7184 - Index Called : favicon.ico Page No : 1 -            

2021-09-12 12:07:51.7239 - Data PAss to View : favicon.ico Page No : 1 -            

2021-09-12 12:08:54.2116 - User 35ebd0e7-a93d-4ef5-ab2f-c77dd30067c1 validation failed: InvalidUserName. -            

2021-09-12 12:08:59.5206 - Index Called : favicon.ico Page No : 1 -            

2021-09-12 12:08:59.5449 - Index Called : favicon.ico Page No : 1 -            

2021-09-12 12:08:59.5889 - Index Called : favicon.ico Page No : 1 -            

2021-09-12 12:08:59.6147 - Data PAss to View : favicon.ico Page No : 1 -            

2021-09-12 12:12:19.5743 - Now listening on: http://localhost:5000 -            

2021-09-12 12:12:20.0475 - Application started. Press Ctrl+C to shut down. -            

2021-09-12 12:12:20.1890 - Hosting environment: Development -            

2021-09-12 12:12:20.3233 - Content root path: D:\FreeLancerAssignments\Edureka\BankOfAmericaSessions\BOA4\BoaSessionFourNew\WebApp\BoaFourSolution\sample-app -            

2021-09-12 12:12:23.7655 - Index Called :  Page No : 1 -            

2021-09-12 12:12:23.7928 - Index Called :  Page No : 1 -            

2021-09-12 12:12:23.8026 - Index Called :  Page No : 1 -            

2021-09-12 12:12:26.3594 - Data PAss to View :  Page No : 1 -            

2021-09-12 12:12:27.5348 - Index Called : favicon.ico Page No : 1 -            

2021-09-12 12:12:27.5486 - Index Called : favicon.ico Page No : 1 -            

2021-09-12 12:12:27.5722 - Index Called : favicon.ico Page No : 1 -            

2021-09-12 12:12:27.7005 - Data PAss to View : favicon.ico Page No : 1 -            

2021-09-12 12:12:30.2968 - Index Called : favicon.ico Page No : 1 -            

2021-09-12 12:12:30.3069 - Index Called : favicon.ico Page No : 1 -            

2021-09-12 12:12:30.3069 - Index Called : favicon.ico Page No : 1 -            

2021-09-12 12:12:30.3299 - Data PAss to View : favicon.ico Page No : 1 -            

2021-09-12 12:13:13.3222 - Index Called :  Page No : 1 -            

2021-09-12 12:13:13.3707 - Index Called :  Page No : 1 -            

2021-09-12 12:13:13.3783 - Index Called :  Page No : 1 -            

2021-09-12 12:13:13.3783 - Data PAss to View :  Page No : 1 -            

2021-09-12 12:13:14.7487 - Index Called : favicon.ico Page No : 1 -            

2021-09-12 12:13:14.7843 - Index Called : favicon.ico Page No : 1 -            

2021-09-12 12:13:14.8124 - Index Called : favicon.ico Page No : 1 -            

2021-09-12 12:13:14.8393 - Data PAss to View : favicon.ico Page No : 1 -            

2021-09-12 12:13:38.4839 - Index Called : favicon.ico Page No : 1 -            

2021-09-12 12:13:38.5590 - Index Called : favicon.ico Page No : 1 -            

2021-09-12 12:13:38.5733 - Index Called : favicon.ico Page No : 1 -            

2021-09-12 12:13:38.6251 - Data PAss to View : favicon.ico Page No : 1 -            

2021-09-12 12:14:07.6399 - Now listening on: http://localhost:5000 -            

2021-09-12 12:14:07.8489 - Application started. Press Ctrl+C to shut down. -            

2021-09-12 12:14:07.9591 - Hosting environment: Development -            

2021-09-12 12:14:08.1593 - Content root path: D:\FreeLancerAssignments\Edureka\BankOfAmericaSessions\BOA4\BoaSessionFourNew\WebApp\BoaFourSolution\sample-app -            

2021-09-12 12:14:12.5450 - Index Called :  Page No : 1 -            

2021-09-12 12:14:12.5697 - Index Called :  Page No : 1 -            

2021-09-12 12:14:12.5697 - Index Called :  Page No : 1 -            

2021-09-12 12:14:15.5935 - Data PAss to View :  Page No : 1 -            

2021-09-12 12:14:16.9351 - Index Called : favicon.ico Page No : 1 -            

2021-09-12 12:14:16.9457 - Index Called : favicon.ico Page No : 1 -            

2021-09-12 12:14:16.9595 - Index Called : favicon.ico Page No : 1 -            

2021-09-12 12:14:17.0383 - Data PAss to View : favicon.ico Page No : 1 -            

2021-09-12 12:14:20.3051 - Index Called : favicon.ico Page No : 1 -            

2021-09-12 12:14:20.3705 - Index Called : favicon.ico Page No : 1 -            

2021-09-12 12:14:20.3909 - Index Called : favicon.ico Page No : 1 -            

2021-09-12 12:14:20.4710 - Data PAss to View : favicon.ico Page No : 1 -            

2021-09-12 12:14:57.8119 - Index Called :  Page No : 1 -            

2021-09-12 12:14:57.8287 - Index Called :  Page No : 1 -            

2021-09-12 12:14:57.8520 - Index Called :  Page No : 1 -            

2021-09-12 12:14:57.8678 - Data PAss to View :  Page No : 1 -            

2021-09-12 12:14:58.6921 - Index Called : favicon.ico Page No : 1 -            

2021-09-12 12:14:58.6921 - Index Called : favicon.ico Page No : 1 -            

2021-09-12 12:14:58.7053 - Index Called : favicon.ico Page No : 1 -            

2021-09-12 12:14:58.7313 - Data PAss to View : favicon.ico Page No : 1 -            

2021-09-12 12:19:57.8667 - Now listening on: http://localhost:5000 -            

2021-09-12 12:19:58.0047 - Application started. Press Ctrl+C to shut down. -            

2021-09-12 12:19:58.0720 - Hosting environment: Development -            

2021-09-12 12:19:58.0913 - Content root path: D:\FreeLancerAssignments\Edureka\BankOfAmericaSessions\BOA4\BoaSessionFourNew\WebApp\BoaFourSolution\sample-app -            

2021-09-12 12:20:02.0452 - Index Called :  Page No : 1 -            

2021-09-12 12:20:02.0951 - Index Called :  Page No : 1 -            

2021-09-12 12:20:02.0951 - Index Called :  Page No : 1 -            

2021-09-12 12:20:05.0859 - Data PAss to View :  Page No : 1 -            

2021-09-12 12:20:06.6222 - Index Called : favicon.ico Page No : 1 -            

2021-09-12 12:20:06.6930 - Index Called : favicon.ico Page No : 1 -            

2021-09-12 12:20:06.7294 - Index Called : favicon.ico Page No : 1 -            

2021-09-12 12:20:06.9096 - Data PAss to View : favicon.ico Page No : 1 -            

2021-09-12 12:20:10.8242 - Index Called : favicon.ico Page No : 1 -            

2021-09-12 12:20:10.8337 - Index Called : favicon.ico Page No : 1 -            

2021-09-12 12:20:10.8847 - Index Called : favicon.ico Page No : 1 -            

2021-09-12 12:20:10.9248 - Data PAss to View : favicon.ico Page No : 1 -            

2021-09-12 12:20:19.2300 - Index Called : favicon.ico Page No : 1 -            

2021-09-12 12:20:19.3298 - Index Called : favicon.ico Page No : 1 -            

2021-09-12 12:20:19.3596 - Index Called : favicon.ico Page No : 1 -            

2021-09-12 12:20:19.3828 - Data PAss to View : favicon.ico Page No : 1 -            

2021-09-12 12:26:51.6351 - Now listening on: http://localhost:5000 -            

2021-09-12 12:26:51.9108 - Application started. Press Ctrl+C to shut down. -            

2021-09-12 12:26:51.9108 - Hosting environment: Development -            

2021-09-12 12:26:51.9365 - Content root path: D:\FreeLancerAssignments\Edureka\BankOfAmericaSessions\BOA4\BoaSessionFourNew\WebApp\BoaFourSolution\sample-app -            

2021-09-12 12:26:56.0601 - Index Called :  Page No : 1 -            

2021-09-12 12:26:56.0931 - Index Called :  Page No : 1 -            

2021-09-12 12:26:56.1090 - Index Called :  Page No : 1 -            

2021-09-12 12:26:59.1563 - Data PAss to View :  Page No : 1 -            

2021-09-12 12:27:00.4855 - Index Called : favicon.ico Page No : 1 -            

2021-09-12 12:27:00.5354 - Index Called : favicon.ico Page No : 1 -            

2021-09-12 12:27:00.5641 - Index Called : favicon.ico Page No : 1 -            

2021-09-12 12:27:00.6397 - Data PAss to View : favicon.ico Page No : 1 -            

2021-09-12 12:27:06.7111 - Index Called : favicon.ico Page No : 1 -            

2021-09-12 12:27:06.7216 - Index Called : favicon.ico Page No : 1 -            

2021-09-12 12:27:06.7216 - Index Called : favicon.ico Page No : 1 -            

2021-09-12 12:27:06.7389 - Data PAss to View : favicon.ico Page No : 1 -            

2021-09-12 12:27:23.8204 - Index Called :  Page No : 1 -            

2021-09-12 12:27:23.8479 - Index Called :  Page No : 1 -            

2021-09-12 12:27:23.8732 - Index Called :  Page No : 1 -            

2021-09-12 12:27:23.8850 - Data PAss to View :  Page No : 1 -            

2021-09-12 12:27:24.5892 - Index Called : favicon.ico Page No : 1 -            

2021-09-12 12:27:24.6060 - Index Called : favicon.ico Page No : 1 -            

2021-09-12 12:27:24.6212 - Index Called : favicon.ico Page No : 1 -            

2021-09-12 12:27:24.6310 - Data PAss to View : favicon.ico Page No : 1 -            

2021-09-12 12:27:44.6814 - Now listening on: http://localhost:5000 -            

2021-09-12 12:27:44.8104 - Application started. Press Ctrl+C to shut down. -            

2021-09-12 12:27:44.8319 - Hosting environment: Development -            

2021-09-12 12:27:44.9767 - Content root path: D:\FreeLancerAssignments\Edureka\BankOfAmericaSessions\BOA4\BoaSessionFourNew\WebApp\BoaFourSolution\sample-app -            

2021-09-12 12:27:48.7527 - Index Called :  Page No : 1 -            

2021-09-12 12:27:48.7784 - Index Called :  Page No : 1 -            

2021-09-12 12:27:48.8147 - Index Called :  Page No : 1 -            

2021-09-12 12:27:52.0119 - Data PAss to View :  Page No : 1 -            

2021-09-12 12:27:53.8633 - Index Called : favicon.ico Page No : 1 -            

2021-09-12 12:27:53.9023 - Index Called : favicon.ico Page No : 1 -            

2021-09-12 12:27:53.9219 - Index Called : favicon.ico Page No : 1 -            

2021-09-12 12:27:54.0751 - Data PAss to View : favicon.ico Page No : 1 -            

2021-09-12 12:28:02.8959 - Index Called : favicon.ico Page No : 1 -            

2021-09-12 12:28:02.9165 - Index Called : favicon.ico Page No : 1 -            

2021-09-12 12:28:02.9235 - Index Called : favicon.ico Page No : 1 -            

2021-09-12 12:28:02.9235 - Data PAss to View : favicon.ico Page No : 1 -            

2021-09-12 12:28:18.2556 - Invalid password for user 49fec318-010d-485c-ba32-384ac5aeae86. -            

2021-09-12 12:28:18.3141 - User 49fec318-010d-485c-ba32-384ac5aeae86 failed to provide the correct password. -            

2021-09-12 12:28:22.4576 - Index Called : favicon.ico Page No : 1 -            

2021-09-12 12:28:22.5040 - Index Called : favicon.ico Page No : 1 -            

2021-09-12 12:28:22.5040 - Index Called : favicon.ico Page No : 1 -            

2021-09-12 12:28:22.5320 - Data PAss to View : favicon.ico Page No : 1 -            

2021-09-12 12:30:09.4235 - Now listening on: http://localhost:5000 -            

2021-09-12 12:30:09.5577 - Application started. Press Ctrl+C to shut down. -            

2021-09-12 12:30:09.5707 - Hosting environment: Development -            

2021-09-12 12:30:09.6990 - Content root path: D:\FreeLancerAssignments\Edureka\BankOfAmericaSessions\BOA4\BoaSessionFourNew\WebApp\BoaFourSolution\sample-app -            

2021-09-12 12:30:13.6561 - Index Called :  Page No : 1 -            

2021-09-12 12:30:13.7024 - Index Called :  Page No : 1 -            

2021-09-12 12:30:13.7107 - Index Called :  Page No : 1 -            

2021-09-12 12:30:16.9212 - Data PAss to View :  Page No : 1 -            

2021-09-12 12:30:18.3820 - Index Called : favicon.ico Page No : 1 -            

2021-09-12 12:30:18.4265 - Index Called : favicon.ico Page No : 1 -            

2021-09-12 12:30:18.4420 - Index Called : favicon.ico Page No : 1 -            

2021-09-12 12:30:18.5540 - Data PAss to View : favicon.ico Page No : 1 -            

2021-09-12 12:30:24.7001 - Index Called : favicon.ico Page No : 1 -            

2021-09-12 12:30:24.7151 - Index Called : favicon.ico Page No : 1 -            

2021-09-12 12:30:24.7211 - Index Called : favicon.ico Page No : 1 -            

2021-09-12 12:30:24.7413 - Data PAss to View : favicon.ico Page No : 1 -            

2021-09-12 12:30:42.1844 - Index Called :  Page No : 1 -            

2021-09-12 12:30:42.2308 - Index Called :  Page No : 1 -            

2021-09-12 12:30:42.3627 - Index Called :  Page No : 1 -            

2021-09-12 12:30:42.4023 - Data PAss to View :  Page No : 1 -            

2021-09-12 12:30:42.8988 - Index Called : favicon.ico Page No : 1 -            

2021-09-12 12:30:42.8988 - Index Called : favicon.ico Page No : 1 -            

2021-09-12 12:30:42.9155 - Index Called : favicon.ico Page No : 1 -            

2021-09-12 12:30:42.9343 - Data PAss to View : favicon.ico Page No : 1 -            

2021-09-12 12:30:48.0777 - Index Called : favicon.ico Page No : 1 -            

2021-09-12 12:30:48.0858 - Index Called : favicon.ico Page No : 1 -            

2021-09-12 12:30:48.0858 - Index Called : favicon.ico Page No : 1 -            

2021-09-12 12:30:48.1051 - Data PAss to View : favicon.ico Page No : 1 -            

2021-09-12 12:31:23.3138 - Index Called :  Page No : 1 -            

2021-09-12 12:31:23.3754 - Index Called :  Page No : 1 -            

2021-09-12 12:31:23.4211 - Index Called :  Page No : 1 -            

2021-09-12 12:31:23.4310 - Data PAss to View :  Page No : 1 -            

2021-09-12 12:31:23.9011 - Index Called : favicon.ico Page No : 1 -            

2021-09-12 12:31:23.9512 - Index Called : favicon.ico Page No : 1 -            

2021-09-12 12:31:23.9562 - Index Called : favicon.ico Page No : 1 -            

2021-09-12 12:31:23.9562 - Data PAss to View : favicon.ico Page No : 1 -            

2021-09-12 12:31:25.6549 - Index Called : favicon.ico Page No : 1 -            

2021-09-12 12:31:25.6734 - Index Called : favicon.ico Page No : 1 -            

2021-09-12 12:31:25.6972 - Index Called : favicon.ico Page No : 1 -            

2021-09-12 12:31:25.7193 - Data PAss to View : favicon.ico Page No : 1 -            

2021-09-12 12:31:27.0529 - Index Called : favicon.ico Page No : 1 -            

2021-09-12 12:31:27.0722 - Index Called : favicon.ico Page No : 1 -            

2021-09-12 12:31:27.1205 - Index Called : favicon.ico Page No : 1 -            

2021-09-12 12:31:27.1496 - Data PAss to View : favicon.ico Page No : 1 -            

2021-09-12 12:31:27.8660 - Index Called :  Page No : 1 -            

2021-09-12 12:31:27.8773 - Index Called :  Page No : 1 -            

2021-09-12 12:31:27.8773 - Index Called :  Page No : 1 -            

2021-09-12 12:31:27.8773 - Data PAss to View :  Page No : 1 -            

2021-09-12 12:31:28.5271 - Index Called : favicon.ico Page No : 1 -            

2021-09-12 12:31:28.5394 - Index Called : favicon.ico Page No : 1 -            

2021-09-12 12:31:28.5507 - Index Called : favicon.ico Page No : 1 -            

2021-09-12 12:31:28.5507 - Data PAss to View : favicon.ico Page No : 1 -            

2021-09-12 12:31:29.4005 - Index Called : favicon.ico Page No : 1 -            

2021-09-12 12:31:29.4823 - Index Called : favicon.ico Page No : 1 -            

2021-09-12 12:31:29.4877 - Index Called : favicon.ico Page No : 1 -            

2021-09-12 12:31:29.4877 - Data PAss to View : favicon.ico Page No : 1 -            

2021-09-12 12:31:30.4396 - Index Called : favicon.ico Page No : 1 -            

2021-09-12 12:31:30.5019 - Index Called : favicon.ico Page No : 1 -            

2021-09-12 12:31:30.5019 - Index Called : favicon.ico Page No : 1 -            

2021-09-12 12:31:30.5230 - Data PAss to View : favicon.ico Page No : 1 -            

2021-09-12 12:31:31.6188 - Index Called :  Page No : 1 -            

2021-09-12 12:31:31.6785 - Index Called :  Page No : 1 -            

2021-09-12 12:31:31.6785 - Index Called :  Page No : 1 -            

2021-09-12 12:31:31.7249 - Data PAss to View :  Page No : 1 -            

2021-09-12 12:31:32.1450 - Index Called : favicon.ico Page No : 1 -            

2021-09-12 12:31:32.1450 - Index Called : favicon.ico Page No : 1 -            

2021-09-12 12:31:32.1812 - Index Called : favicon.ico Page No : 1 -            

2021-09-12 12:31:32.2230 - Data PAss to View : favicon.ico Page No : 1 -            

2021-09-12 12:31:34.4613 - Index Called : favicon.ico Page No : 1 -            

2021-09-12 12:31:34.4613 - Index Called : favicon.ico Page No : 1 -            

2021-09-12 12:31:34.4782 - Index Called : favicon.ico Page No : 1 -            

2021-09-12 12:31:34.5604 - Data PAss to View : favicon.ico Page No : 1 -            

2021-09-12 12:31:47.3803 - Product Added with ID : 0 -            

2021-09-12 12:31:47.8901 - Index Called :  Page No : 1 -            

2021-09-12 12:31:47.9123 - Index Called :  Page No : 1 -            

2021-09-12 12:31:47.9302 - Index Called :  Page No : 1 -            

2021-09-12 12:31:47.9419 - Data PAss to View :  Page No : 1 -            

2021-09-12 12:31:48.3238 - Index Called : favicon.ico Page No : 1 -            

2021-09-12 12:31:48.3334 - Index Called : favicon.ico Page No : 1 -            

2021-09-12 12:31:48.3334 - Index Called : favicon.ico Page No : 1 -            

2021-09-12 12:31:48.3513 - Data PAss to View : favicon.ico Page No : 1 -            

2021-09-12 12:31:54.9716 - Index Called : favicon.ico Page No : 1 -            

2021-09-12 12:31:55.0605 - Index Called : favicon.ico Page No : 1 -            

2021-09-12 12:31:55.0662 - Index Called : favicon.ico Page No : 1 -            

2021-09-12 12:31:55.2009 - Data PAss to View : favicon.ico Page No : 1 -            

2021-09-12 12:34:15.8334 - Now listening on: http://localhost:5000 -            

2021-09-12 12:34:15.9092 - Application started. Press Ctrl+C to shut down. -            

2021-09-12 12:34:15.9092 - Hosting environment: Development -            

2021-09-12 12:34:15.9535 - Content root path: D:\FreeLancerAssignments\Edureka\BankOfAmericaSessions\BOA4\BoaSessionFourNew\WebApp\BoaFourSolution\sample-app -            

2021-09-12 12:34:19.1811 - An unhandled exception has occurred while executing the request. -               at Microsoft.AspNetCore.Routing.EndpointMiddleware.ThrowMissingAuthMiddlewareException(Endpoint endpoint)
   at Microsoft.AspNetCore.Routing.EndpointMiddleware.Invoke(HttpContext httpContext)
   at Microsoft.AspNetCore.Routing.EndpointRoutingMiddleware.Invoke(HttpContext httpContext)
   at Microsoft.AspNetCore.StaticFiles.StaticFileMiddleware.Invoke(HttpContext context)
   at Microsoft.AspNetCore.StaticFiles.StaticFileMiddleware.Invoke(HttpContext context)
   at Microsoft.AspNetCore.Diagnostics.DeveloperExceptionPageMiddleware.Invoke(HttpContext context)

2021-09-12 12:34:20.1691 - An unhandled exception has occurred while executing the request. -               at Microsoft.AspNetCore.Routing.EndpointMiddleware.ThrowMissingAuthMiddlewareException(Endpoint endpoint)
   at Microsoft.AspNetCore.Routing.EndpointMiddleware.Invoke(HttpContext httpContext)
   at Microsoft.AspNetCore.Routing.EndpointRoutingMiddleware.Invoke(HttpContext httpContext)
   at Microsoft.AspNetCore.StaticFiles.StaticFileMiddleware.Invoke(HttpContext context)
   at Microsoft.AspNetCore.StaticFiles.StaticFileMiddleware.TryServeStaticFile(HttpContext context, String contentType, PathString subPath)
   at Microsoft.AspNetCore.StaticFiles.StaticFileMiddleware.Invoke(HttpContext context)
   at Microsoft.AspNetCore.Diagnostics.DeveloperExceptionPageMiddleware.Invoke(HttpContext context)

2021-09-12 12:35:22.9672 - Now listening on: http://localhost:5000 -            

2021-09-12 12:35:23.0539 - Application started. Press Ctrl+C to shut down. -            

2021-09-12 12:35:23.1007 - Hosting environment: Development -            

2021-09-12 12:35:23.1007 - Content root path: D:\FreeLancerAssignments\Edureka\BankOfAmericaSessions\BOA4\BoaSessionFourNew\WebApp\BoaFourSolution\sample-app -            

2021-09-12 12:38:21.6769 - Now listening on: http://localhost:5000 -            

2021-09-12 12:38:21.7848 - Application started. Press Ctrl+C to shut down. -            

2021-09-12 12:38:21.8035 - Hosting environment: Development -            

2021-09-12 12:38:21.8035 - Content root path: D:\FreeLancerAssignments\Edureka\BankOfAmericaSessions\BOA4\BoaSessionFourNew\WebApp\BoaFourSolution\sample-app -            

2021-09-12 12:38:47.5768 - Index Called :  Page No : 1 -            

2021-09-12 12:38:47.6578 - Index Called :  Page No : 1 -            

2021-09-12 12:38:47.6647 - Index Called :  Page No : 1 -            

2021-09-12 12:38:47.7909 - Data PAss to View :  Page No : 1 -            

2021-09-12 12:38:48.3807 - Index Called : favicon.ico Page No : 1 -            

2021-09-12 12:38:48.3807 - Index Called : favicon.ico Page No : 1 -            

2021-09-12 12:38:48.3925 - Index Called : favicon.ico Page No : 1 -            

2021-09-12 12:38:48.3925 - Data PAss to View : favicon.ico Page No : 1 -            

2021-09-12 12:44:46.7771 - Now listening on: http://localhost:5000 -            

2021-09-12 12:44:46.8807 - Application started. Press Ctrl+C to shut down. -            

2021-09-12 12:44:46.9000 - Hosting environment: Development -            

2021-09-12 12:44:46.9123 - Content root path: D:\FreeLancerAssignments\Edureka\BankOfAmericaSessions\BOA4\BoaSessionFourNew\WebApp\BoaFourSolution\sample-app -            

2021-09-12 12:45:21.0873 - Index Called :  Page No : 1 -            

2021-09-12 12:45:21.1206 - Index Called :  Page No : 1 -            

2021-09-12 12:45:21.2155 - Index Called :  Page No : 1 -            

2021-09-12 12:45:21.3172 - Data PAss to View :  Page No : 1 -            

2021-09-12 12:45:22.1547 - Index Called : favicon.ico Page No : 1 -            

2021-09-12 12:45:22.1603 - Index Called : favicon.ico Page No : 1 -            

2021-09-12 12:45:22.1603 - Index Called : favicon.ico Page No : 1 -            

2021-09-12 12:45:22.2147 - Data PAss to View : favicon.ico Page No : 1 -            

2021-09-12 12:45:45.8514 - Index Called :  Page No : 1 -            

2021-09-12 12:45:45.9563 - Index Called :  Page No : 1 -            

2021-09-12 12:45:45.9563 - Index Called :  Page No : 1 -            

2021-09-12 12:45:45.9724 - Data PAss to View :  Page No : 1 -            

2021-09-12 12:45:46.3653 - Index Called : favicon.ico Page No : 1 -            

2021-09-12 12:45:46.3811 - Index Called : favicon.ico Page No : 1 -            

2021-09-12 12:45:46.3917 - Index Called : favicon.ico Page No : 1 -            

2021-09-12 12:45:46.4362 - Data PAss to View : favicon.ico Page No : 1 -            

2021-09-12 12:45:52.4667 - Index Called : favicon.ico Page No : 1 -            

2021-09-12 12:45:52.5343 - Index Called : favicon.ico Page No : 1 -            

2021-09-12 12:45:52.5343 - Index Called : favicon.ico Page No : 1 -            

2021-09-12 12:45:52.5614 - Data PAss to View : favicon.ico Page No : 1 -            

2021-09-12 12:45:54.4275 - Index Called :  Page No : 1 -            

2021-09-12 12:45:54.4455 - Index Called :  Page No : 1 -            

2021-09-12 12:45:54.4614 - Index Called :  Page No : 1 -            

2021-09-12 12:45:54.4902 - Data PAss to View :  Page No : 1 -            

2021-09-12 12:45:55.0520 - Index Called : favicon.ico Page No : 1 -            

2021-09-12 12:45:55.0520 - Index Called : favicon.ico Page No : 1 -            

2021-09-12 12:45:55.0673 - Index Called : favicon.ico Page No : 1 -            

2021-09-12 12:45:55.0807 - Data PAss to View : favicon.ico Page No : 1 -            

2021-09-12 12:46:58.0333 - Now listening on: http://localhost:5000 -            

2021-09-12 12:46:58.2007 - Application started. Press Ctrl+C to shut down. -            

2021-09-12 12:46:58.2741 - Hosting environment: Development -            

2021-09-12 12:46:58.3673 - Content root path: D:\FreeLancerAssignments\Edureka\BankOfAmericaSessions\BOA4\BoaSessionFourNew\WebApp\BoaFourSolution\sample-app -            

2021-09-12 12:47:39.7810 - Index Called :  Page No : 1 -            

2021-09-12 12:47:39.8054 - Index Called :  Page No : 1 -            

2021-09-12 12:47:39.8433 - Index Called :  Page No : 1 -            

2021-09-12 12:47:39.8524 - Data PAss to View :  Page No : 1 -            

2021-09-12 12:47:40.2921 - Index Called : favicon.ico Page No : 1 -            

2021-09-12 12:47:40.3014 - Index Called : favicon.ico Page No : 1 -            

2021-09-12 12:47:40.3257 - Index Called : favicon.ico Page No : 1 -            

2021-09-12 12:47:40.3538 - Data PAss to View : favicon.ico Page No : 1 -            

